Time,RPM,MPH,Throttle,Load,Gear
17:21:48.589812,785,0.0,10.9803921569,34.1176470588,0
17:21:48.717606,782,0.0,10.9803921569,34.1176470588,0
17:21:48.837996,766,0.0,10.9803921569,34.1176470588,0
17:21:48.957706,778,0.0,10.9803921569,34.1176470588,0
17:21:49.77867,777,0.0,10.9803921569,34.1176470588,0
17:21:49.197712,774,0.0,10.9803921569,34.1176470588,0
17:21:49.317811,776,0.0,10.9803921569,34.1176470588,0
17:21:49.437587,770,0.0,10.9803921569,34.1176470588,0
17:21:49.557734,776,0.0,10.9803921569,34.1176470588,0
17:21:49.677599,781,0.0,10.9803921569,34.1176470588,0
17:21:49.797685,784,0.0,10.9803921569,34.1176470588,0
17:21:49.917499,788,0.0,10.9803921569,33.7254901961,0
17:21:50.37689,785,0.0,10.9803921569,33.7254901961,0
17:21:50.158120,776,0.0,10.9803921569,33.7254901961,0
17:21:50.277953,785,0.0,10.9803921569,33.7254901961,0
17:21:50.397686,794,0.0,10.9803921569,33.7254901961,0
17:21:50.517480,769,0.0,10.9803921569,33.7254901961,0
17:21:50.637597,771,0.0,10.9803921569,33.7254901961,0
17:21:50.757818,778,0.0,10.9803921569,33.7254901961,0
17:21:50.878003,785,0.0,10.9803921569,33.7254901961,0
17:21:50.997760,776,0.0,10.9803921569,33.7254901961,0
17:21:51.117943,772,0.0,10.9803921569,33.7254901961,0
17:21:51.237712,773,0.0,10.9803921569,33.7254901961,0
17:21:51.357828,774,0.0,10.9803921569,33.7254901961,0
17:21:51.478003,779,0.0,10.9803921569,33.7254901961,0
17:21:51.597762,786,0.0,10.9803921569,33.7254901961,0
17:21:51.717633,781,0.0,10.9803921569,33.7254901961,0
17:21:51.837731,781,0.0,10.9803921569,33.3333333333,0
17:21:51.957914,781,0.0,10.9803921569,33.7254901961,0
17:21:52.77670,780,0.0,10.9803921569,33.3333333333,0
17:21:52.197820,781,0.0,10.9803921569,33.3333333333,0
17:21:52.317650,783,0.0,10.9803921569,33.3333333333,0
17:21:52.437652,778,0.0,10.9803921569,33.3333333333,0
17:21:52.557584,780,0.0,10.9803921569,33.3333333333,0
17:21:52.677697,777,0.0,10.9803921569,33.3333333333,0
17:21:52.797840,774,0.0,10.9803921569,33.3333333333,0
17:21:52.917687,777,0.0,10.9803921569,33.3333333333,0
17:21:53.38140,779,0.0,10.9803921569,33.7254901961,0
17:21:53.157996,776,0.0,10.9803921569,33.3333333333,0
17:21:53.277732,768,0.0,10.9803921569,33.7254901961,0
17:21:53.397931,767,0.0,10.9803921569,33.7254901961,0
17:21:53.517667,775,0.0,10.9803921569,33.7254901961,0
17:21:53.637779,762,0.0,10.9803921569,33.7254901961,0
17:21:53.757665,770,0.0,10.9803921569,33.7254901961,0
17:21:53.877777,766,0.0,10.9803921569,33.7254901961,0
17:21:53.997615,771,0.0,10.9803921569,33.7254901961,0
17:21:54.117525,771,0.0,10.9803921569,33.7254901961,0
17:21:54.237710,772,0.0,10.9803921569,34.1176470588,0
17:21:54.357523,760,0.0,10.9803921569,34.1176470588,0
17:21:54.477966,770,0.0,10.9803921569,34.1176470588,0
17:21:54.597559,770,0.0,10.9803921569,34.1176470588,0
17:21:54.717660,769,0.0,10.9803921569,34.1176470588,0
17:21:54.837744,763,0.0,10.9803921569,34.1176470588,0
17:21:54.957803,772,0.0,10.9803921569,34.1176470588,0
17:21:55.77618,775,0.0,10.9803921569,34.1176470588,0
17:21:55.197737,765,0.0,10.9803921569,34.5098039216,0
17:21:55.317584,784,0.0,10.9803921569,34.5098039216,0
17:21:55.437449,780,0.0,10.9803921569,34.5098039216,0
17:21:55.557527,781,0.0,10.9803921569,34.5098039216,0
17:21:55.677653,784,0.0,10.9803921569,34.5098039216,0
17:21:55.797722,778,0.0,10.9803921569,34.5098039216,0
17:21:55.917876,776,0.0,10.9803921569,34.1176470588,0
17:21:56.37693,779,0.0,10.9803921569,34.1176470588,0
17:21:56.157469,782,0.0,10.9803921569,34.1176470588,0
17:21:56.277315,784,0.0,10.9803921569,34.1176470588,0
17:21:56.397634,792,0.0,10.9803921569,34.1176470588,0
17:21:56.517508,792,0.0,10.9803921569,34.1176470588,0
17:21:56.637703,781,0.0,10.9803921569,33.7254901961,0
17:21:56.757511,783,0.0,10.9803921569,33.7254901961,0
17:21:56.877622,778,0.0,10.9803921569,33.7254901961,0
17:21:56.997449,774,0.0,10.9803921569,33.7254901961,0
17:21:57.117957,775,0.0,10.9803921569,33.7254901961,0
17:21:57.237397,766,0.0,10.9803921569,34.1176470588,0
17:21:57.357844,772,0.0,10.9803921569,34.1176470588,0
17:21:57.477653,772,0.0,10.9803921569,34.1176470588,0
17:21:57.597714,772,0.0,10.9803921569,34.1176470588,0
17:21:57.717602,773,0.0,10.9803921569,34.1176470588,0
17:21:57.838053,759,0.0,10.9803921569,34.5098039216,0
17:21:57.957906,772,0.0,10.9803921569,34.5098039216,0
17:21:58.77995,771,0.0,10.9803921569,34.1176470588,0
17:21:58.197842,774,0.0,10.9803921569,34.1176470588,0
17:21:58.317934,770,0.0,10.9803921569,34.1176470588,0
17:21:58.437608,781,0.0,10.9803921569,34.1176470588,0
17:21:58.557636,772,0.0,10.9803921569,34.1176470588,0
17:21:58.677413,758,0.0,10.9803921569,34.5098039216,0
17:21:58.797578,775,0.0,10.9803921569,34.5098039216,0
17:21:58.917355,780,0.0,10.9803921569,34.1176470588,0
17:21:59.37483,774,0.0,10.9803921569,34.1176470588,0
17:21:59.157818,769,0.0,10.9803921569,34.1176470588,0
17:21:59.277689,774,0.0,10.9803921569,34.1176470588,0
17:21:59.397909,769,0.0,10.9803921569,34.1176470588,0
17:21:59.517941,769,0.0,10.9803921569,34.1176470588,0
17:21:59.637756,760,0.0,10.9803921569,34.1176470588,0
17:21:59.757920,775,0.0,10.9803921569,34.1176470588,0
17:21:59.878032,777,0.0,10.9803921569,34.1176470588,0
17:21:59.997871,773,0.0,10.9803921569,34.1176470588,0
17:22:0.117350,777,0.0,10.9803921569,34.1176470588,0
17:22:0.237571,762,0.0,10.9803921569,34.1176470588,0
17:22:0.357615,776,0.0,10.9803921569,34.1176470588,0
17:22:0.478103,762,0.0,10.9803921569,34.5098039216,0
17:22:0.597678,767,0.0,10.9803921569,34.5098039216,0
17:22:0.717791,766,0.0,10.9803921569,34.5098039216,0
17:22:0.837610,780,0.0,10.9803921569,34.5098039216,0
17:22:0.957730,771,0.0,10.9803921569,34.5098039216,0
17:22:1.77559,776,0.0,10.9803921569,34.5098039216,0
17:22:1.197743,767,0.0,10.9803921569,34.5098039216,0
17:22:1.317768,771,0.0,10.9803921569,34.5098039216,0
17:22:1.437955,764,0.0,10.9803921569,34.9019607843,0
17:22:1.557619,777,0.0,10.9803921569,34.9019607843,0
17:22:1.677691,775,0.0,10.9803921569,34.5098039216,0
17:22:1.797634,776,0.0,10.9803921569,34.5098039216,0
17:22:1.918110,773,0.0,10.9803921569,34.9019607843,0
17:22:2.37981,782,0.0,10.9803921569,34.5098039216,0
17:22:2.158043,778,0.0,10.9803921569,34.1176470588,0
17:22:2.277915,761,0.0,10.9803921569,34.5098039216,0
17:22:2.397678,776,0.0,10.9803921569,34.5098039216,0
17:22:2.518150,782,0.0,10.9803921569,34.5098039216,0
17:22:2.637994,782,0.0,10.9803921569,34.5098039216,0
17:22:2.757751,782,0.0,10.9803921569,34.5098039216,0
17:22:2.877927,787,0.0,10.9803921569,34.5098039216,0
17:22:2.997985,781,0.0,10.9803921569,34.5098039216,0
17:22:3.118196,766,0.0,10.9803921569,34.9019607843,0
17:22:3.237936,776,0.0,10.9803921569,34.9019607843,0
17:22:3.358121,777,0.0,10.9803921569,34.9019607843,0
17:22:3.477914,760,0.0,10.9803921569,34.9019607843,0
17:22:3.598037,769,0.0,10.9803921569,34.9019607843,0
17:22:3.717911,776,0.0,10.9803921569,34.5098039216,0
17:22:3.838017,777,0.0,10.9803921569,34.5098039216,0
17:22:3.957803,772,0.0,10.9803921569,34.5098039216,0
17:22:4.77663,778,0.0,10.9803921569,34.5098039216,0
17:22:4.198117,773,0.0,10.9803921569,34.5098039216,0
17:22:4.317856,768,0.0,10.9803921569,34.5098039216,0
17:22:4.438058,776,0.0,10.9803921569,34.5098039216,0
17:22:4.557645,763,0.0,10.9803921569,34.9019607843,0
17:22:4.677999,764,0.0,10.9803921569,34.9019607843,0
17:22:4.797743,771,0.0,10.9803921569,34.5098039216,0
17:22:4.917967,781,0.0,10.9803921569,34.5098039216,0
17:22:5.37706,781,0.0,10.9803921569,34.5098039216,0
17:22:5.157901,789,0.0,10.9803921569,34.5098039216,0
17:22:5.277666,769,0.0,10.9803921569,34.5098039216,0
17:22:5.398165,777,0.0,10.9803921569,34.5098039216,0
17:22:5.518029,785,0.0,10.9803921569,34.1176470588,0
17:22:5.638096,774,0.0,10.9803921569,34.1176470588,0
17:22:5.757969,777,0.0,10.9803921569,34.1176470588,0
17:22:5.877712,786,0.0,10.9803921569,34.1176470588,0
17:22:5.997867,784,0.0,10.9803921569,34.1176470588,0
17:22:6.117711,784,0.0,10.9803921569,34.1176470588,0
17:22:6.237814,778,0.0,10.9803921569,34.1176470588,0
17:22:6.357984,781,0.0,10.9803921569,34.1176470588,0
17:22:6.478093,773,0.0,10.9803921569,34.1176470588,0
17:22:6.597698,774,0.0,10.9803921569,34.1176470588,0
17:22:6.717798,778,0.0,10.9803921569,34.1176470588,0
17:22:6.837612,779,0.0,10.9803921569,34.1176470588,0
17:22:6.957759,775,0.0,10.9803921569,34.1176470588,0
17:22:7.77581,774,0.0,10.9803921569,34.1176470588,0
17:22:7.197752,777,0.0,10.9803921569,34.1176470588,0
17:22:7.317731,776,0.0,10.9803921569,34.1176470588,0
17:22:7.437831,768,0.0,10.9803921569,34.1176470588,0
17:22:7.558059,770,0.0,10.9803921569,34.1176470588,0
17:22:7.677796,773,0.0,10.9803921569,34.1176470588,0
17:22:7.798003,782,0.0,10.9803921569,34.1176470588,0
17:22:7.918086,781,0.0,10.9803921569,34.1176470588,0
17:22:8.37902,776,0.0,10.9803921569,34.1176470588,0
