Time,RPM,MPH,Throttle,Load,Gear
15:16:56.204134,765,0.0,10.5882352941,29.8039215686,0
15:16:56.331758,775,0.0,10.5882352941,29.8039215686,0
15:16:56.451919,780,0.0,10.5882352941,29.8039215686,0
15:16:56.575807,776,0.0,10.5882352941,29.8039215686,0
15:16:56.692113,768,0.0,10.5882352941,30.1960784314,0
15:16:56.811959,769,0.0,10.5882352941,30.1960784314,0
15:16:56.932046,765,0.0,10.5882352941,30.1960784314,0
15:16:57.51898,769,0.0,10.5882352941,30.1960784314,0
15:16:57.175468,784,0.0,10.5882352941,29.8039215686,0
15:16:57.291888,787,0.0,10.5882352941,29.8039215686,0
15:16:57.411972,786,0.0,10.5882352941,29.8039215686,0
15:16:57.531788,778,0.0,10.5882352941,29.8039215686,0
15:16:57.651940,784,0.0,10.5882352941,29.8039215686,0
15:16:57.775773,785,0.0,10.5882352941,29.4117647059,0
15:16:57.891850,782,0.0,10.5882352941,29.4117647059,0
15:16:58.11885,772,0.0,10.5882352941,29.4117647059,0
15:16:58.131790,782,0.0,10.5882352941,29.4117647059,0
15:16:58.251921,769,0.0,10.5882352941,29.8039215686,0
15:16:58.375510,772,0.0,10.5882352941,29.8039215686,0
15:16:58.492190,779,0.0,10.5882352941,29.8039215686,0
15:16:58.611956,770,0.0,10.5882352941,29.8039215686,0
15:16:58.731853,778,0.0,10.1960784314,29.8039215686,0
15:16:58.851958,769,0.0,10.5882352941,29.8039215686,0
15:16:58.975506,770,0.0,10.5882352941,29.8039215686,0
15:16:59.91899,774,0.0,10.5882352941,29.8039215686,0
15:16:59.211960,777,0.0,10.5882352941,29.8039215686,0
15:16:59.331838,766,0.0,10.5882352941,30.1960784314,0
15:16:59.451507,767,0.0,10.1960784314,30.1960784314,0
15:16:59.575146,775,0.0,10.1960784314,29.8039215686,0
15:16:59.691888,757,0.0,10.1960784314,30.1960784314,0
15:16:59.811732,764,0.0,10.1960784314,30.1960784314,0
15:16:59.932190,770,0.0,10.1960784314,30.1960784314,0
15:17:0.52002,769,0.0,10.1960784314,30.1960784314,0
15:17:0.173055,774,0.0,10.5882352941,29.8039215686,0
15:17:0.291869,780,0.0,10.5882352941,29.8039215686,0
15:17:0.411795,770,0.0,10.5882352941,29.8039215686,0
15:17:0.531716,781,0.0,10.5882352941,29.8039215686,0
15:17:0.651591,775,0.0,10.5882352941,29.8039215686,0
15:17:0.775573,777,0.0,10.5882352941,29.8039215686,0
15:17:0.891557,781,0.0,10.5882352941,29.8039215686,0
15:17:1.12202,777,0.0,10.5882352941,29.8039215686,0
15:17:1.132065,766,0.0,10.5882352941,30.1960784314,0
15:17:1.251529,772,0.0,10.5882352941,30.1960784314,0
15:17:1.375073,776,0.0,10.5882352941,30.1960784314,0
15:17:1.491789,777,0.0,10.5882352941,30.1960784314,0
15:17:1.611829,772,0.0,10.5882352941,30.1960784314,0
15:17:1.731969,773,0.0,10.5882352941,30.1960784314,0
15:17:1.851760,771,0.0,10.5882352941,30.1960784314,0
15:17:1.971947,777,0.0,10.5882352941,30.1960784314,0
15:17:2.91806,775,0.0,10.5882352941,30.1960784314,0
15:17:2.211866,777,0.0,10.5882352941,30.1960784314,0
15:17:2.331992,777,0.0,10.5882352941,30.1960784314,0
15:17:2.451806,782,0.0,10.1960784314,30.1960784314,0
15:17:2.575435,777,0.0,10.1960784314,30.1960784314,0
15:17:2.691750,786,0.0,10.1960784314,29.8039215686,0
15:17:2.811920,781,0.0,10.1960784314,29.8039215686,0
15:17:2.931699,776,0.0,10.1960784314,29.8039215686,0
15:17:3.51874,776,0.0,10.1960784314,29.8039215686,0
15:17:3.171966,777,0.0,10.1960784314,29.8039215686,0
15:17:3.292124,774,0.0,10.1960784314,29.8039215686,0
15:17:3.411962,778,0.0,10.5882352941,29.8039215686,0
15:17:3.532065,770,0.0,10.5882352941,29.8039215686,0
15:17:3.651908,768,0.0,10.5882352941,29.8039215686,0
15:17:3.776112,770,0.0,10.5882352941,29.8039215686,0
15:17:3.891867,778,0.0,10.5882352941,29.8039215686,0
15:17:4.12332,772,0.0,10.5882352941,29.8039215686,0
15:17:4.131770,766,0.0,10.5882352941,30.1960784314,0
15:17:4.251870,764,0.0,10.5882352941,30.1960784314,0
15:17:4.371711,774,0.0,10.5882352941,30.1960784314,0
15:17:4.491898,764,0.0,10.5882352941,30.1960784314,0
15:17:4.611979,771,0.0,10.5882352941,30.1960784314,0
15:17:4.732154,775,0.0,10.5882352941,30.1960784314,0
15:17:4.851945,776,0.0,10.1960784314,30.1960784314,0
15:17:4.971972,781,0.0,10.1960784314,29.8039215686,0
15:17:5.91878,771,0.0,10.1960784314,29.8039215686,0
15:17:5.211581,774,0.0,10.1960784314,29.8039215686,0
15:17:5.332013,783,0.0,10.5882352941,29.8039215686,0
15:17:5.451849,770,0.0,10.5882352941,29.8039215686,0
15:17:5.571617,773,0.0,10.5882352941,29.8039215686,0
15:17:5.691965,789,0.0,10.5882352941,29.8039215686,0
15:17:5.812735,773,0.0,10.5882352941,29.8039215686,0
15:17:5.932211,770,0.0,10.5882352941,29.8039215686,0
15:17:6.52046,774,0.0,10.5882352941,29.8039215686,0
15:17:6.171734,768,0.0,10.5882352941,29.8039215686,0
15:17:6.291857,776,0.0,10.5882352941,29.8039215686,0
15:17:6.411635,778,0.0,10.5882352941,29.8039215686,0
15:17:6.532145,774,0.0,10.5882352941,29.8039215686,0
15:17:6.651610,775,0.0,10.5882352941,29.8039215686,0
15:17:6.771729,772,0.0,10.5882352941,30.1960784314,0
15:17:6.891616,768,0.0,10.5882352941,30.1960784314,0
15:17:7.11636,771,0.0,10.5882352941,30.1960784314,0
15:17:7.131858,766,0.0,10.5882352941,30.1960784314,0
15:17:7.252102,770,0.0,10.5882352941,30.1960784314,0
15:17:7.371867,771,0.0,10.5882352941,30.1960784314,0
15:17:7.492032,784,0.0,10.5882352941,30.1960784314,0
15:17:7.611819,778,0.0,10.5882352941,29.8039215686,0
15:17:7.731999,784,0.0,10.5882352941,29.8039215686,0
15:17:7.851755,771,0.0,10.5882352941,29.8039215686,0
15:17:7.971920,774,0.0,10.5882352941,29.8039215686,0
15:17:8.91742,785,0.0,10.5882352941,29.8039215686,0
15:17:8.211857,775,0.0,10.5882352941,29.8039215686,0
15:17:8.331922,787,0.0,10.5882352941,29.8039215686,0
15:17:8.451716,784,0.0,10.5882352941,29.8039215686,0
15:17:8.571878,775,0.0,10.5882352941,29.8039215686,0
15:17:8.691530,785,0.0,10.5882352941,29.8039215686,0
15:17:8.811901,791,0.0,10.5882352941,29.4117647059,0
15:17:8.931768,788,0.0,10.5882352941,29.4117647059,0
15:17:9.51840,783,0.0,10.5882352941,29.4117647059,0
15:17:9.172003,786,0.0,10.5882352941,29.4117647059,0
15:17:9.292134,777,0.0,10.5882352941,29.4117647059,0
15:17:9.411919,777,0.0,10.5882352941,29.4117647059,0
15:17:9.532129,778,0.0,10.5882352941,29.8039215686,0
15:17:9.651866,778,0.0,10.5882352941,29.8039215686,0
15:17:9.772073,780,0.0,10.5882352941,29.8039215686,0
15:17:9.891869,774,0.0,10.1960784314,29.8039215686,0
15:17:10.11983,777,0.0,10.1960784314,29.8039215686,0
15:17:10.131767,773,0.0,10.1960784314,29.8039215686,0
15:17:10.251884,759,0.0,10.1960784314,29.8039215686,0
15:17:10.372089,769,0.0,10.1960784314,29.8039215686,0
15:17:10.492518,770,0.0,10.1960784314,29.8039215686,0
15:17:10.612083,777,0.0,10.1960784314,29.8039215686,0
15:17:10.731821,769,0.0,10.1960784314,29.8039215686,0
15:17:10.851960,767,0.0,10.1960784314,29.8039215686,0
15:17:10.972120,773,0.0,10.1960784314,29.8039215686,0
15:17:11.91902,774,0.0,10.5882352941,29.8039215686,0
15:17:11.211744,779,0.0,10.5882352941,29.8039215686,0
15:17:11.331508,781,0.0,10.5882352941,29.8039215686,0
15:17:11.451791,779,0.0,10.5882352941,29.8039215686,0
15:17:11.571876,778,0.0,10.5882352941,29.8039215686,0
15:17:11.691840,767,0.0,10.5882352941,30.1960784314,0
15:17:11.812072,773,0.0,10.5882352941,30.1960784314,0
15:17:11.931838,760,0.0,10.5882352941,30.1960784314,0
15:17:12.52003,775,0.0,10.5882352941,30.1960784314,0
15:17:12.171572,772,0.0,10.5882352941,29.8039215686,0
15:17:12.291771,771,0.0,10.5882352941,29.8039215686,0
15:17:12.411759,779,0.0,10.5882352941,29.8039215686,0
15:17:12.531899,777,0.0,10.5882352941,29.8039215686,0
15:17:12.651567,782,0.0,10.5882352941,29.8039215686,0
15:17:12.771515,784,0.0,10.5882352941,29.8039215686,0
15:17:12.891662,781,0.0,10.1960784314,29.8039215686,0
15:17:13.11892,773,0.0,10.1960784314,29.8039215686,0
15:17:13.131672,784,0.0,10.1960784314,29.8039215686,0
15:17:13.251845,773,0.0,10.1960784314,29.8039215686,0
15:17:13.371963,774,0.0,10.1960784314,29.8039215686,0
15:17:13.491479,766,0.0,10.1960784314,29.8039215686,0
15:17:13.611586,770,0.0,10.1960784314,29.8039215686,0
15:17:13.731745,772,0.0,10.1960784314,29.8039215686,0
15:17:13.851539,778,0.0,10.5882352941,29.8039215686,0
15:17:13.971680,771,0.0,10.5882352941,29.8039215686,0
15:17:14.91752,769,0.0,10.5882352941,29.8039215686,0
15:17:14.211812,773,0.0,10.5882352941,29.8039215686,0
15:17:14.331829,780,0.0,10.5882352941,29.4117647059,0
15:17:14.451903,774,0.0,10.5882352941,29.4117647059,0
15:17:14.571728,776,0.0,10.5882352941,29.4117647059,0
15:17:14.691862,777,0.0,10.5882352941,29.4117647059,0
15:17:14.811841,781,0.0,10.5882352941,29.8039215686,0
15:17:14.931735,774,0.0,10.5882352941,29.8039215686,0
15:17:15.51607,773,0.0,10.5882352941,29.8039215686,0
15:17:15.171763,781,0.0,10.5882352941,29.8039215686,0
15:17:15.291585,770,0.0,10.5882352941,30.1960784314,0
15:17:15.411684,773,0.0,10.5882352941,30.1960784314,0
15:17:15.531782,781,0.0,10.5882352941,29.8039215686,0
15:17:15.651842,773,0.0,10.5882352941,29.8039215686,0
15:17:15.772041,752,0.0,10.1960784314,30.1960784314,0
15:17:15.892182,764,0.0,10.1960784314,30.1960784314,0
15:17:16.12016,764,0.0,10.1960784314,30.1960784314,0
15:17:16.131689,766,0.0,10.1960784314,29.8039215686,0
15:17:16.251809,770,0.0,10.1960784314,29.8039215686,0
15:17:16.371655,766,0.0,10.1960784314,29.8039215686,0
15:17:16.491718,767,0.0,10.1960784314,29.8039215686,0
15:17:16.611830,772,0.0,10.1960784314,29.8039215686,0
15:17:16.732063,765,0.0,10.1960784314,29.8039215686,0
15:17:16.852206,762,0.0,10.1960784314,29.8039215686,0
15:17:16.972024,768,0.0,10.1960784314,29.8039215686,0
15:17:17.91889,780,0.0,10.5882352941,29.8039215686,0
15:17:17.211874,771,0.0,10.5882352941,29.8039215686,0
15:17:17.331680,776,0.0,10.1960784314,29.8039215686,0
15:17:17.451998,778,0.0,10.5882352941,29.8039215686,0
15:17:17.571756,767,0.0,10.5882352941,29.8039215686,0
15:17:17.691717,781,0.0,10.5882352941,29.8039215686,0
15:17:17.812052,780,0.0,10.5882352941,29.8039215686,0
15:17:17.931878,781,0.0,10.5882352941,29.8039215686,0
15:17:18.52045,771,0.0,10.5882352941,29.8039215686,0
15:17:18.172129,774,0.0,10.5882352941,30.1960784314,0
15:17:18.291833,777,0.0,10.5882352941,30.1960784314,0
15:17:18.411919,776,0.0,10.5882352941,30.1960784314,0
15:17:18.531766,782,0.0,10.5882352941,30.1960784314,0
15:17:18.651961,780,0.0,10.5882352941,30.1960784314,0
15:17:18.771733,776,0.0,10.5882352941,30.1960784314,0
15:17:18.891737,780,0.0,10.5882352941,30.1960784314,0
15:17:19.11577,777,0.0,10.5882352941,30.1960784314,0
15:17:19.132024,779,0.0,10.5882352941,30.1960784314,0
15:17:19.251879,783,0.0,10.5882352941,30.1960784314,0
15:17:19.371975,772,0.0,10.5882352941,30.1960784314,0
15:17:19.491809,782,0.0,10.5882352941,30.1960784314,0
15:17:19.611909,779,0.0,10.5882352941,30.1960784314,0
15:17:19.731740,778,0.0,10.5882352941,30.1960784314,0
15:17:19.851771,778,0.0,10.1960784314,30.1960784314,0
15:17:19.971756,768,0.0,10.1960784314,29.8039215686,0
15:17:20.91452,775,0.0,10.1960784314,29.8039215686,0
15:17:20.212481,779,0.0,10.1960784314,29.8039215686,0
15:17:20.331845,774,0.0,10.1960784314,29.8039215686,0
15:17:20.451882,777,0.0,10.1960784314,29.8039215686,0
15:17:20.571844,781,0.0,10.1960784314,29.4117647059,0
15:17:20.691892,784,0.0,10.5882352941,29.4117647059,0
15:17:20.811568,775,0.0,10.5882352941,29.4117647059,0
15:17:20.931800,779,0.0,10.5882352941,29.4117647059,0
15:17:21.51606,774,0.0,10.5882352941,29.4117647059,0
15:17:21.171780,773,0.0,10.5882352941,29.4117647059,0
15:17:21.292187,776,0.0,10.5882352941,29.4117647059,0
15:17:21.411701,771,0.0,10.5882352941,29.8039215686,0
15:17:21.531841,782,0.0,10.5882352941,29.8039215686,0
15:17:21.651967,779,0.0,10.5882352941,29.8039215686,0
15:17:21.771837,778,0.0,10.5882352941,29.8039215686,0
15:17:21.891734,783,0.0,10.5882352941,29.8039215686,0
15:17:22.11700,787,0.0,10.5882352941,29.8039215686,0
15:17:22.131428,773,0.0,10.5882352941,29.8039215686,0
15:17:22.251491,779,0.0,10.5882352941,29.8039215686,0
15:17:22.371649,777,0.0,10.5882352941,29.8039215686,0
15:17:22.491791,776,0.0,10.1960784314,29.8039215686,0
15:17:22.611846,777,0.0,10.1960784314,29.8039215686,0
15:17:22.731931,770,0.0,10.1960784314,29.8039215686,0
15:17:22.851612,771,0.0,10.1960784314,29.8039215686,0
15:17:22.972057,767,0.0,10.1960784314,29.8039215686,0
15:17:23.91552,778,0.0,10.1960784314,29.8039215686,0
15:17:23.211847,770,0.0,10.1960784314,29.8039215686,0
15:17:23.331892,771,0.0,10.1960784314,29.8039215686,0
15:17:23.451673,769,0.0,10.1960784314,29.8039215686,0
15:17:23.571427,755,0.0,10.1960784314,29.8039215686,0
15:17:23.692057,770,0.0,10.1960784314,29.8039215686,0
15:17:23.811967,771,0.0,10.5882352941,29.8039215686,0
15:17:23.931655,763,0.0,10.5882352941,29.8039215686,0
15:17:24.51847,758,0.0,10.5882352941,29.8039215686,0
15:17:24.171897,769,0.0,10.5882352941,29.8039215686,0
15:17:24.291838,778,0.0,10.5882352941,29.8039215686,0
15:17:24.411441,770,0.0,10.5882352941,29.8039215686,0
15:17:24.532045,770,0.0,10.5882352941,29.8039215686,0
15:17:24.651795,769,0.0,10.5882352941,30.1960784314,0
15:17:24.771599,765,0.0,10.5882352941,30.1960784314,0
15:17:24.891624,771,0.0,10.5882352941,30.1960784314,0
15:17:25.11495,775,0.0,10.5882352941,30.1960784314,0
15:17:25.132111,775,0.0,10.5882352941,30.1960784314,0
15:17:25.251861,770,0.0,10.5882352941,30.1960784314,0
15:17:25.371525,775,0.0,10.1960784314,30.1960784314,0
15:17:25.491733,773,0.0,10.1960784314,30.1960784314,0
15:17:25.611885,778,0.0,10.1960784314,30.1960784314,0
15:17:25.731714,773,0.0,10.1960784314,29.8039215686,0
15:17:25.852163,779,0.0,10.1960784314,29.8039215686,0
15:17:25.971641,778,0.0,10.1960784314,29.8039215686,0
15:17:26.91793,784,0.0,10.5882352941,29.8039215686,0
15:17:26.211870,776,0.0,10.5882352941,29.8039215686,0
15:17:26.332306,772,0.0,10.5882352941,30.1960784314,0
15:17:26.452164,772,0.0,10.5882352941,30.1960784314,0
15:17:26.571812,781,0.0,10.5882352941,30.1960784314,0
15:17:26.692189,773,0.0,10.5882352941,30.1960784314,0
15:17:26.811624,780,0.0,10.5882352941,29.8039215686,0
15:17:26.932136,776,0.0,10.5882352941,29.8039215686,0
15:17:27.51587,769,0.0,10.5882352941,30.1960784314,0
15:17:27.171686,768,0.0,10.1960784314,29.8039215686,0
15:17:27.291472,775,0.0,10.5882352941,29.8039215686,0
15:17:27.411641,778,0.0,10.5882352941,29.8039215686,0
15:17:27.532160,782,0.0,10.1960784314,29.8039215686,0
15:17:27.651940,782,0.0,10.5882352941,29.8039215686,0
15:17:27.772406,776,0.0,10.5882352941,29.8039215686,0
15:17:27.892197,770,0.0,10.1960784314,29.8039215686,0
15:17:28.12358,779,0.0,10.5882352941,29.8039215686,0
15:17:28.131725,777,0.0,10.5882352941,29.8039215686,0
15:17:28.251820,776,0.0,10.5882352941,29.8039215686,0
15:17:28.372048,775,0.0,10.5882352941,29.8039215686,0
15:17:28.491854,777,0.0,10.5882352941,29.8039215686,0
15:17:28.612396,766,0.0,10.5882352941,29.8039215686,0
15:17:28.732169,773,0.0,10.5882352941,29.8039215686,0
15:17:28.851993,766,0.0,10.5882352941,29.8039215686,0
15:17:28.972107,758,0.0,10.5882352941,29.8039215686,0
15:17:29.91882,768,0.0,10.5882352941,29.8039215686,0
15:17:29.212322,779,0.0,10.5882352941,29.8039215686,0
15:17:29.331737,762,0.0,10.5882352941,29.8039215686,0
15:17:29.452346,773,0.0,10.5882352941,29.8039215686,0
15:17:29.572452,770,0.0,10.5882352941,29.8039215686,0
15:17:29.691958,770,0.0,10.5882352941,29.8039215686,0
15:17:29.812041,782,0.0,10.5882352941,29.8039215686,0
15:17:29.931906,778,0.0,10.5882352941,29.8039215686,0
15:17:30.52391,770,0.0,10.5882352941,29.8039215686,0
15:17:30.172068,774,0.0,10.5882352941,29.8039215686,0
15:17:30.291996,782,0.0,10.5882352941,29.8039215686,0
15:17:30.411817,776,0.0,10.5882352941,29.8039215686,0
15:17:30.531613,765,0.0,10.5882352941,29.8039215686,0
15:17:30.652162,776,0.0,10.5882352941,30.1960784314,0
15:17:30.771562,783,0.0,10.5882352941,30.1960784314,0
15:17:30.891929,771,0.0,10.5882352941,30.1960784314,0
15:17:31.12093,782,0.0,10.5882352941,30.1960784314,0
15:17:31.131711,786,0.0,10.5882352941,30.1960784314,0
15:17:31.252171,774,0.0,10.1960784314,30.1960784314,0
15:17:31.371977,777,0.0,10.1960784314,29.8039215686,0
15:17:31.492094,771,0.0,10.1960784314,29.8039215686,0
15:17:31.611813,772,0.0,10.1960784314,29.8039215686,0
15:17:31.732096,785,0.0,10.1960784314,29.8039215686,0
15:17:31.851517,781,0.0,10.5882352941,29.8039215686,0
15:17:31.971802,773,0.0,10.5882352941,29.8039215686,0
15:17:32.91753,782,0.0,10.5882352941,29.8039215686,0
15:17:32.211623,774,0.0,10.5882352941,29.8039215686,0
15:17:32.332088,770,0.0,10.5882352941,29.8039215686,0
15:17:32.452225,777,0.0,10.5882352941,29.8039215686,0
15:17:32.572074,774,0.0,10.5882352941,29.8039215686,0
15:17:32.692173,780,0.0,10.5882352941,29.8039215686,0
15:17:32.811617,768,0.0,10.5882352941,29.8039215686,0
15:17:32.931813,773,0.0,10.5882352941,29.8039215686,0
15:17:33.51604,784,0.0,10.5882352941,29.8039215686,0
15:17:33.171714,777,0.0,10.5882352941,29.8039215686,0
15:17:33.291897,782,0.0,10.5882352941,29.8039215686,0
15:17:33.412018,772,0.0,10.5882352941,29.8039215686,0
15:17:33.532160,788,0.0,10.5882352941,29.8039215686,0
15:17:33.651944,778,0.0,10.5882352941,29.8039215686,0
15:17:33.772103,777,0.0,10.5882352941,29.8039215686,0
15:17:33.892155,781,0.0,10.5882352941,29.8039215686,0
15:17:34.11657,775,0.0,10.1960784314,29.8039215686,0
15:17:34.131788,778,0.0,10.1960784314,29.8039215686,0
15:17:34.251721,778,0.0,10.1960784314,29.8039215686,0
15:17:34.371757,781,0.0,10.1960784314,29.4117647059,0
15:17:34.492222,783,0.0,10.1960784314,29.4117647059,0
15:17:34.612030,775,0.0,10.1960784314,29.4117647059,0
15:17:34.731871,776,0.0,10.1960784314,29.4117647059,0
15:17:34.851965,777,0.0,10.1960784314,29.4117647059,0
15:17:34.971762,775,0.0,10.5882352941,29.4117647059,0
15:17:35.91532,773,0.0,10.5882352941,29.4117647059,0
15:17:35.211721,773,0.0,10.5882352941,29.4117647059,0
15:17:35.331505,782,0.0,10.5882352941,29.4117647059,0
15:17:35.451762,771,0.0,10.5882352941,29.4117647059,0
15:17:35.571819,774,0.0,10.5882352941,29.4117647059,0
15:17:35.692049,759,0.0,10.5882352941,29.8039215686,0
15:17:35.812144,771,0.0,10.5882352941,29.8039215686,0
15:17:35.931928,764,0.0,10.5882352941,29.8039215686,0
15:17:36.52068,770,0.0,10.5882352941,29.8039215686,0
15:17:36.171864,769,0.0,10.5882352941,30.1960784314,0
15:17:36.291997,760,0.0,10.1960784314,30.1960784314,0
15:17:36.411809,760,0.0,10.1960784314,30.1960784314,0
15:17:36.531986,759,0.0,10.1960784314,30.1960784314,0
15:17:36.651686,772,0.0,10.1960784314,29.8039215686,0
15:17:36.771602,767,0.0,10.1960784314,29.8039215686,0
15:17:36.891634,769,0.0,10.5882352941,29.8039215686,0
15:17:37.11536,771,0.0,10.5882352941,29.8039215686,0
15:17:37.131632,779,0.0,10.5882352941,29.8039215686,0
15:17:37.251891,775,0.0,10.5882352941,29.8039215686,0
15:17:37.371933,772,0.0,10.5882352941,29.8039215686,0
15:17:37.491690,771,0.0,10.5882352941,29.8039215686,0
15:17:37.611812,779,0.0,10.5882352941,29.8039215686,0
15:17:37.731950,775,0.0,10.5882352941,29.8039215686,0
15:17:37.852099,771,0.0,10.5882352941,29.8039215686,0
15:17:37.971897,766,0.0,10.5882352941,29.8039215686,0
15:17:38.91707,769,0.0,10.5882352941,29.8039215686,0
15:17:38.211474,768,0.0,10.5882352941,29.8039215686,0
15:17:38.331744,779,0.0,10.5882352941,29.8039215686,0
15:17:38.451833,775,0.0,10.5882352941,29.8039215686,0
15:17:38.572410,775,0.0,10.5882352941,29.8039215686,0
15:17:38.692118,782,0.0,10.5882352941,29.8039215686,0
15:17:38.812050,776,0.0,10.5882352941,29.8039215686,0
15:17:38.932078,777,0.0,10.5882352941,29.8039215686,0
15:17:39.51943,773,0.0,10.5882352941,29.8039215686,0
15:17:39.172084,779,0.0,10.5882352941,29.8039215686,0
15:17:39.291860,778,0.0,10.5882352941,29.8039215686,0
15:17:39.411638,782,0.0,10.5882352941,29.4117647059,0
15:17:39.531757,772,0.0,10.5882352941,29.8039215686,0
15:17:39.652271,773,0.0,10.5882352941,29.8039215686,0
15:17:39.772095,776,0.0,10.5882352941,29.8039215686,0
15:17:39.891869,765,0.0,10.5882352941,29.8039215686,0
15:17:40.12042,780,0.0,10.5882352941,29.8039215686,0
15:17:40.131950,773,0.0,10.5882352941,29.8039215686,0
15:17:40.252339,771,0.0,10.5882352941,29.8039215686,0
15:17:40.372066,768,0.0,10.5882352941,29.8039215686,0
15:17:40.492188,765,0.0,10.5882352941,30.1960784314,0
15:17:40.612353,769,0.0,10.5882352941,30.1960784314,0
15:17:40.731844,774,0.0,10.5882352941,30.1960784314,0
15:17:40.852180,775,0.0,10.5882352941,30.1960784314,0
15:17:40.972041,772,0.0,10.5882352941,30.1960784314,0
15:17:41.91903,777,0.0,10.5882352941,29.8039215686,0
15:17:41.212131,764,0.0,10.5882352941,30.1960784314,0
15:17:41.331899,770,0.0,10.5882352941,30.1960784314,0
15:17:41.452144,767,0.0,10.5882352941,30.1960784314,0
15:17:41.571764,774,0.0,10.5882352941,30.1960784314,0
15:17:41.691989,775,0.0,10.5882352941,30.1960784314,0
15:17:41.811700,770,0.0,10.5882352941,30.1960784314,0
15:17:41.931867,772,0.0,10.5882352941,30.1960784314,0
15:17:42.54192,781,0.0,10.5882352941,30.1960784314,0
15:17:42.172375,782,0.0,10.5882352941,29.8039215686,0
15:17:42.291673,783,0.0,10.5882352941,29.8039215686,0
15:17:42.411742,783,0.0,10.5882352941,29.8039215686,0
15:17:42.531916,787,0.0,10.5882352941,29.8039215686,0
15:17:42.652142,784,0.0,10.5882352941,29.8039215686,0
15:17:42.771951,781,0.0,10.5882352941,30.1960784314,0
15:17:42.892050,777,0.0,10.5882352941,30.1960784314,0
15:17:43.11706,773,0.0,10.5882352941,30.1960784314,0
15:17:43.133678,780,0.0,10.5882352941,30.1960784314,0
15:17:43.254158,784,0.0,10.5882352941,30.1960784314,0
15:17:43.372411,776,0.0,10.1960784314,30.1960784314,0
15:17:43.492117,768,0.0,10.1960784314,30.1960784314,0
15:17:43.611934,775,0.0,10.1960784314,29.8039215686,0
15:17:43.732060,771,0.0,10.1960784314,29.8039215686,0
15:17:43.851836,763,0.0,10.1960784314,29.8039215686,0
15:17:43.971912,776,0.0,10.5882352941,29.8039215686,0
15:17:44.91810,775,0.0,10.5882352941,29.8039215686,0
15:17:44.211925,772,0.0,10.5882352941,29.8039215686,0
15:17:44.332084,778,0.0,10.5882352941,29.8039215686,0
15:17:44.454161,782,0.0,10.5882352941,29.8039215686,0
15:17:44.572195,777,0.0,10.5882352941,29.8039215686,0
15:17:44.691878,766,0.0,10.5882352941,29.8039215686,0
15:17:44.811971,772,0.0,10.5882352941,29.8039215686,0
15:17:44.931768,768,0.0,10.5882352941,29.8039215686,0
15:17:45.51902,777,0.0,10.5882352941,29.8039215686,0
15:17:45.172137,776,0.0,10.5882352941,29.8039215686,0
15:17:45.291847,785,0.0,10.5882352941,29.4117647059,0
15:17:45.412276,780,0.0,10.5882352941,29.4117647059,0
15:17:45.532307,779,0.0,10.5882352941,29.4117647059,0
15:17:45.652171,775,0.0,10.5882352941,29.8039215686,0
15:17:45.772077,778,0.0,10.5882352941,29.8039215686,0
15:17:45.892000,782,0.0,10.5882352941,29.4117647059,0
15:17:46.12198,782,0.0,10.5882352941,29.8039215686,0
15:17:46.131924,765,0.0,10.5882352941,29.8039215686,0
15:17:46.252065,770,0.0,10.5882352941,29.8039215686,0
15:17:46.371750,773,0.0,10.5882352941,30.1960784314,0
15:17:46.491833,772,0.0,10.5882352941,30.1960784314,0
15:17:46.612107,776,0.0,10.5882352941,30.1960784314,0
15:17:46.732126,775,0.0,10.5882352941,30.1960784314,0
15:17:46.851976,773,0.0,10.5882352941,30.1960784314,0
15:17:46.972273,771,0.0,10.5882352941,30.1960784314,0
15:17:47.92149,771,0.0,10.5882352941,30.1960784314,0
15:17:47.211660,777,0.0,10.5882352941,29.8039215686,0
15:17:47.332237,771,0.0,10.5882352941,29.8039215686,0
15:17:47.452049,776,0.0,10.5882352941,29.8039215686,0
15:17:47.571833,765,0.0,10.1960784314,29.8039215686,0
15:17:47.691998,767,0.0,10.5882352941,29.8039215686,0
15:17:47.811714,774,0.0,10.5882352941,29.8039215686,0
15:17:47.931933,768,0.0,10.5882352941,29.8039215686,0
15:17:48.51992,773,0.0,10.5882352941,29.8039215686,0
15:17:48.171876,765,0.0,10.1960784314,29.8039215686,0
15:17:48.292037,771,0.0,10.5882352941,29.8039215686,0
15:17:48.412200,778,0.0,10.1960784314,29.8039215686,0
15:17:48.531956,779,0.0,10.5882352941,29.8039215686,0
15:17:48.652083,775,0.0,10.1960784314,29.8039215686,0
15:17:48.771952,771,0.0,10.5882352941,29.8039215686,0
15:17:48.892014,775,0.0,10.5882352941,29.8039215686,0
15:17:49.11855,769,0.0,10.1960784314,29.8039215686,0
15:17:49.132336,774,0.0,10.5882352941,29.8039215686,0
15:17:49.252302,773,0.0,10.5882352941,29.8039215686,0
15:17:49.372385,776,0.0,10.5882352941,29.8039215686,0
15:17:49.491991,771,0.0,10.5882352941,29.8039215686,0
15:17:49.612140,778,0.0,10.5882352941,29.8039215686,0
15:17:49.732239,771,0.0,10.5882352941,29.8039215686,0
15:17:49.851962,771,0.0,10.5882352941,29.8039215686,0
15:17:49.971855,778,0.0,10.5882352941,29.8039215686,0
15:17:50.91916,775,0.0,10.5882352941,29.8039215686,0
15:17:50.212051,769,0.0,10.5882352941,29.8039215686,0
15:17:50.331867,777,0.0,10.5882352941,29.8039215686,0
15:17:50.452126,777,0.0,10.5882352941,29.8039215686,0
15:17:50.572063,763,0.0,10.1960784314,29.8039215686,0
15:17:50.691852,770,0.0,10.5882352941,29.8039215686,0
15:17:50.811979,775,0.0,10.5882352941,29.8039215686,0
15:17:50.931759,785,0.0,10.1960784314,29.8039215686,0
15:17:51.52200,781,0.0,10.5882352941,29.8039215686,0
15:17:51.171726,764,0.0,10.5882352941,29.8039215686,0
15:17:51.291844,774,0.0,10.5882352941,29.8039215686,0
15:17:51.412032,775,0.0,10.1960784314,29.8039215686,0
15:17:51.531771,786,0.0,10.5882352941,29.8039215686,0
15:17:51.652422,781,0.0,10.5882352941,29.8039215686,0
15:17:51.772061,783,0.0,10.5882352941,29.4117647059,0
15:17:51.892234,776,0.0,10.5882352941,29.8039215686,0
15:17:52.12040,770,0.0,10.1960784314,29.8039215686,0
15:17:52.131780,769,0.0,10.5882352941,29.8039215686,0
15:17:52.251943,775,0.0,10.5882352941,29.8039215686,0
15:17:52.371732,775,0.0,10.5882352941,29.8039215686,0
15:17:52.491979,767,0.0,10.5882352941,29.8039215686,0
15:17:52.611733,774,0.0,10.5882352941,29.8039215686,0
15:17:52.731895,754,0.0,10.5882352941,30.1960784314,0
15:17:52.852048,772,0.0,10.5882352941,30.1960784314,0
15:17:52.972168,773,0.0,10.5882352941,30.1960784314,0
15:17:53.91992,767,0.0,10.5882352941,30.1960784314,0
15:17:53.212288,767,0.0,10.5882352941,30.1960784314,0
15:17:53.332375,781,0.0,10.5882352941,30.1960784314,0
15:17:53.452180,772,0.0,10.5882352941,30.1960784314,0
15:17:53.571942,774,0.0,10.5882352941,30.1960784314,0
15:17:53.692143,786,0.0,10.5882352941,30.1960784314,0
15:17:53.811763,777,0.0,10.5882352941,29.8039215686,0
15:17:53.931888,778,0.0,10.5882352941,29.8039215686,0
15:17:54.51762,779,0.0,10.5882352941,29.8039215686,0
15:17:54.172196,777,0.0,10.5882352941,29.8039215686,0
15:17:54.292122,770,0.0,10.5882352941,29.8039215686,0
15:17:54.412244,777,0.0,10.5882352941,29.8039215686,0
15:17:54.531986,782,0.0,10.5882352941,29.8039215686,0
15:17:54.652034,784,0.0,10.5882352941,29.8039215686,0
15:17:54.772209,778,0.0,10.5882352941,29.8039215686,0
15:17:54.891868,772,0.0,10.5882352941,29.8039215686,0
15:17:55.12115,780,0.0,10.5882352941,29.8039215686,0
15:17:55.132316,780,0.0,10.5882352941,29.4117647059,0
15:17:55.252327,774,0.0,10.5882352941,29.8039215686,0
15:17:55.372143,782,0.0,10.5882352941,29.4117647059,0
15:17:55.492092,782,0.0,10.5882352941,29.4117647059,0
15:17:55.612174,768,0.0,10.5882352941,29.4117647059,0
15:17:55.731716,771,0.0,10.5882352941,29.4117647059,0
15:17:55.852163,774,0.0,10.5882352941,29.8039215686,0
15:17:55.972009,775,0.0,10.5882352941,29.8039215686,0
15:17:56.92102,768,0.0,10.5882352941,29.8039215686,0
15:17:56.211986,772,0.0,10.5882352941,29.8039215686,0
15:17:56.332049,774,0.0,10.5882352941,29.8039215686,0
15:17:56.452227,764,0.0,10.5882352941,29.8039215686,0
15:17:56.572042,775,0.0,10.5882352941,29.8039215686,0
15:17:56.692417,774,0.0,10.5882352941,29.8039215686,0
15:17:56.812332,775,0.0,10.5882352941,29.8039215686,0
15:17:56.932386,774,0.0,10.5882352941,29.8039215686,0
15:17:57.51944,771,0.0,10.5882352941,29.8039215686,0
15:17:57.172240,776,0.0,10.5882352941,29.8039215686,0
15:17:57.291743,778,0.0,10.5882352941,29.8039215686,0
15:17:57.411938,788,0.0,10.5882352941,29.8039215686,0
15:17:57.531725,778,0.0,10.5882352941,29.8039215686,0
15:17:57.653138,779,0.0,10.5882352941,29.8039215686,0
15:17:57.771943,786,0.0,10.5882352941,29.8039215686,0
15:17:57.892153,774,0.0,10.5882352941,29.8039215686,0
15:17:58.11983,784,0.0,10.5882352941,29.8039215686,0
15:17:58.132047,782,0.0,10.5882352941,29.8039215686,0
15:17:58.251853,788,0.0,10.5882352941,29.4117647059,0
15:17:58.371653,790,0.0,10.5882352941,29.4117647059,0
15:17:58.492370,790,0.0,10.5882352941,29.4117647059,0
15:17:58.612396,787,0.0,10.5882352941,29.4117647059,0
15:17:58.732569,781,0.0,10.5882352941,29.4117647059,0
15:17:58.851965,781,0.0,10.5882352941,29.4117647059,0
15:17:58.972093,778,0.0,10.5882352941,29.4117647059,0
15:17:59.91864,779,0.0,10.1960784314,29.4117647059,0
15:17:59.211672,774,0.0,10.1960784314,29.4117647059,0
15:17:59.331782,780,0.0,10.1960784314,29.4117647059,0
15:17:59.451905,785,0.0,10.5882352941,29.4117647059,0
15:17:59.572070,783,0.0,10.1960784314,29.4117647059,0
15:17:59.691984,781,0.0,10.1960784314,29.4117647059,0
15:17:59.812000,781,0.0,10.5882352941,29.4117647059,0
15:17:59.932673,768,0.0,10.1960784314,29.4117647059,0
15:18:0.52150,777,0.0,10.1960784314,29.4117647059,0
15:18:0.172865,772,0.0,10.1960784314,29.4117647059,0
15:18:0.291630,767,0.0,10.1960784314,29.4117647059,0
15:18:0.411728,759,0.0,10.1960784314,29.4117647059,0
15:18:0.532151,767,0.0,10.1960784314,29.4117647059,0
15:18:0.651626,771,0.0,10.1960784314,29.4117647059,0
15:18:0.772131,764,0.0,10.5882352941,29.4117647059,0
15:18:0.891994,780,0.0,10.5882352941,29.8039215686,0
15:18:1.11844,764,0.0,10.1960784314,29.8039215686,0
15:18:1.131911,762,0.0,10.1960784314,29.8039215686,0
15:18:1.252218,764,0.0,10.5882352941,29.8039215686,0
15:18:1.372573,773,0.0,10.1960784314,29.8039215686,0
15:18:1.491985,765,0.0,10.1960784314,29.8039215686,0
15:18:1.611767,766,0.0,10.5882352941,29.8039215686,0
15:18:1.731670,773,0.0,10.5882352941,29.8039215686,0
15:18:1.852291,762,0.0,10.5882352941,29.8039215686,0
15:18:1.972238,765,0.0,10.5882352941,29.8039215686,0
15:18:2.92182,777,0.0,10.5882352941,29.8039215686,0
15:18:2.211921,769,0.0,10.5882352941,29.8039215686,0
15:18:2.332458,770,0.0,10.5882352941,29.8039215686,0
15:18:2.452075,770,0.0,10.1960784314,29.8039215686,0
15:18:2.572094,771,0.0,10.1960784314,29.8039215686,0
15:18:2.692035,761,0.0,10.5882352941,29.8039215686,0
15:18:2.812228,772,0.0,10.1960784314,29.8039215686,0
15:18:2.932263,764,0.0,10.1960784314,29.8039215686,0
15:18:3.51777,770,0.0,10.1960784314,29.8039215686,0
15:18:3.172240,771,0.0,10.5882352941,29.8039215686,0
15:18:3.292385,774,0.0,10.5882352941,29.8039215686,0
15:18:3.411958,783,0.0,10.5882352941,29.8039215686,0
15:18:3.532057,771,0.0,10.5882352941,29.8039215686,0
15:18:3.651992,771,0.0,10.5882352941,29.8039215686,0
15:18:3.772701,777,0.0,10.5882352941,29.4117647059,0
15:18:3.894201,778,0.0,10.5882352941,29.8039215686,0
15:18:4.12027,781,0.0,10.5882352941,29.8039215686,0
15:18:4.132202,773,0.0,10.5882352941,29.8039215686,0
15:18:4.252164,779,0.0,10.5882352941,29.8039215686,0
15:18:4.372103,779,0.0,10.5882352941,29.8039215686,0
15:18:4.494321,783,0.0,10.5882352941,29.8039215686,0
15:18:4.612123,785,0.0,10.5882352941,29.4117647059,0
15:18:4.732030,778,0.0,10.5882352941,29.4117647059,0
15:18:4.851954,782,0.0,10.5882352941,29.4117647059,0
15:18:4.972120,784,0.0,10.5882352941,29.4117647059,0
15:18:5.91866,782,0.0,10.5882352941,29.8039215686,0
15:18:5.212174,782,0.0,10.5882352941,29.8039215686,0
15:18:5.331921,776,0.0,10.5882352941,29.8039215686,0
15:18:5.452239,775,0.0,10.5882352941,29.8039215686,0
15:18:5.571826,769,0.0,10.5882352941,29.8039215686,0
15:18:5.691981,769,0.0,10.1960784314,30.1960784314,0
15:18:5.812332,773,0.0,10.1960784314,29.8039215686,0
15:18:5.932081,768,0.0,10.1960784314,29.8039215686,0
15:18:6.52209,781,0.0,10.1960784314,29.8039215686,0
15:18:6.171900,769,0.0,10.1960784314,29.8039215686,0
15:18:6.292737,777,0.0,10.1960784314,29.8039215686,0
15:18:6.413194,764,0.0,10.1960784314,29.8039215686,0
15:18:6.531989,769,0.0,10.1960784314,29.8039215686,0
15:18:6.652468,773,0.0,10.1960784314,29.8039215686,0
15:18:6.771945,774,0.0,10.1960784314,29.8039215686,0
15:18:6.893799,771,0.0,10.5882352941,29.8039215686,0
15:18:7.12199,774,0.0,10.5882352941,29.8039215686,0
15:18:7.132370,780,0.0,10.5882352941,29.8039215686,0
15:18:7.253908,767,0.0,10.5882352941,29.8039215686,0
15:18:7.372037,773,0.0,10.1960784314,29.8039215686,0
15:18:7.493814,777,0.0,10.5882352941,29.4117647059,0
15:18:7.611888,773,0.0,10.5882352941,29.8039215686,0
15:18:7.732515,777,0.0,10.5882352941,29.4117647059,0
15:18:7.852197,779,0.0,10.5882352941,29.4117647059,0
15:18:7.971957,775,0.0,10.5882352941,29.4117647059,0
15:18:8.94562,778,0.0,10.5882352941,29.4117647059,0
15:18:8.212262,782,0.0,10.5882352941,29.4117647059,0
15:18:8.331934,781,0.0,10.5882352941,29.4117647059,0
15:18:8.451901,773,0.0,10.5882352941,29.4117647059,0
15:18:8.572379,782,0.0,10.5882352941,29.4117647059,0
15:18:8.693069,781,0.0,10.5882352941,29.4117647059,0
15:18:8.811939,776,0.0,10.5882352941,29.8039215686,0
15:18:8.933775,771,0.0,10.5882352941,29.8039215686,0
15:18:9.51912,775,0.0,10.5882352941,29.8039215686,0
15:18:9.172226,780,0.0,10.5882352941,29.8039215686,0
15:18:9.293626,776,0.0,10.5882352941,29.8039215686,0
15:18:9.412010,788,0.0,10.5882352941,29.8039215686,0
15:18:9.532163,773,0.0,10.1960784314,29.8039215686,0
15:18:9.651923,782,0.0,10.1960784314,29.8039215686,0
15:18:9.774541,783,0.0,10.1960784314,29.4117647059,0
15:18:9.893693,781,0.0,10.1960784314,29.4117647059,0
15:18:10.12058,777,0.0,10.1960784314,29.4117647059,0
15:18:10.131935,783,0.0,10.1960784314,29.4117647059,0
15:18:10.252339,774,0.0,10.1960784314,29.4117647059,0
15:18:10.372998,773,0.0,10.5882352941,29.4117647059,0
15:18:10.492662,777,0.0,10.1960784314,29.4117647059,0
15:18:10.612417,774,0.0,10.1960784314,29.4117647059,0
15:18:10.732197,774,0.0,10.1960784314,29.4117647059,0
15:18:10.852032,770,0.0,10.5882352941,29.4117647059,0
15:18:10.972747,772,0.0,10.5882352941,29.4117647059,0
15:18:11.93618,775,0.0,10.5882352941,29.4117647059,0
15:18:11.212030,774,0.0,10.5882352941,29.4117647059,0
15:18:11.331872,770,0.0,10.1960784314,29.4117647059,0
15:18:11.453921,765,0.0,10.1960784314,29.4117647059,0
15:18:11.571902,777,0.0,10.1960784314,29.4117647059,0
15:18:11.692355,772,0.0,10.1960784314,29.4117647059,0
15:18:11.812130,768,0.0,10.5882352941,29.8039215686,0
15:18:11.932294,774,0.0,10.5882352941,29.8039215686,0
15:18:12.52078,771,0.0,10.1960784314,29.8039215686,0
15:18:12.171850,763,0.0,10.1960784314,29.8039215686,0
15:18:12.294449,763,0.0,10.5882352941,29.8039215686,0
15:18:12.412104,776,0.0,10.1960784314,29.8039215686,0
15:18:12.532062,776,0.0,10.1960784314,29.8039215686,0
15:18:12.652315,779,0.0,10.1960784314,29.4117647059,0
15:18:12.771997,775,0.0,10.5882352941,29.4117647059,0
15:18:12.893691,784,0.0,10.5882352941,29.4117647059,0
15:18:13.12129,784,0.0,10.5882352941,29.4117647059,0
15:18:13.134309,774,0.0,10.1960784314,29.4117647059,0
15:18:13.252280,776,0.0,10.5882352941,29.4117647059,0
15:18:13.371845,772,0.0,10.1960784314,29.4117647059,0
15:18:13.493811,774,0.0,10.1960784314,29.4117647059,0
15:18:13.611871,776,0.0,10.1960784314,29.4117647059,0
15:18:13.734226,763,0.0,10.1960784314,29.8039215686,0
15:18:13.851935,770,0.0,10.1960784314,29.8039215686,0
15:18:13.973967,771,0.0,10.1960784314,29.8039215686,0
15:18:14.91983,768,0.0,10.5882352941,29.8039215686,0
15:18:14.212186,770,0.0,10.5882352941,29.8039215686,0
15:18:14.331946,777,0.0,10.5882352941,29.4117647059,0
15:18:14.452194,767,0.0,10.1960784314,29.8039215686,0
15:18:14.572295,777,0.0,10.1960784314,29.4117647059,0
15:18:14.693780,770,0.0,10.5882352941,29.4117647059,0
15:18:14.813925,776,0.0,10.1960784314,29.4117647059,0
15:18:14.931996,770,0.0,10.1960784314,29.4117647059,0
15:18:15.51808,762,0.0,10.1960784314,29.8039215686,0
15:18:15.171952,769,0.0,10.5882352941,29.8039215686,0
15:18:15.291802,774,0.0,10.5882352941,29.8039215686,0
15:18:15.411926,769,0.0,10.1960784314,29.8039215686,0
15:18:15.531781,761,0.0,10.1960784314,29.8039215686,0
15:18:15.652853,765,0.0,10.1960784314,29.8039215686,0
15:18:15.772112,771,0.0,10.1960784314,29.8039215686,0
15:18:15.892133,772,0.0,10.1960784314,29.8039215686,0
15:18:16.12482,771,0.0,10.1960784314,29.8039215686,0
15:18:16.132502,766,0.0,10.1960784314,29.8039215686,0
15:18:16.252225,766,0.0,10.1960784314,29.8039215686,0
15:18:16.371991,776,0.0,10.5882352941,29.8039215686,0
15:18:16.494224,772,0.0,10.5882352941,29.8039215686,0
15:18:16.611956,776,0.0,10.5882352941,29.8039215686,0
15:18:16.731732,774,0.0,10.5882352941,29.8039215686,0
15:18:16.851946,776,0.0,10.5882352941,29.8039215686,0
15:18:16.972048,774,0.0,10.5882352941,29.8039215686,0
15:18:17.93855,781,0.0,10.5882352941,29.8039215686,0
15:18:17.211992,777,0.0,10.5882352941,29.8039215686,0
15:18:17.332173,774,0.0,10.5882352941,29.8039215686,0
15:18:17.451938,772,0.0,10.5882352941,29.8039215686,0
15:18:17.572421,783,0.0,10.5882352941,29.8039215686,0
15:18:17.691816,780,0.0,10.5882352941,29.8039215686,0
15:18:17.811651,781,0.0,10.5882352941,29.8039215686,0
15:18:17.931865,771,0.0,10.5882352941,29.8039215686,0
15:18:18.52090,781,0.0,10.5882352941,29.8039215686,0
15:18:18.174559,762,0.0,10.1960784314,29.8039215686,0
15:18:18.292289,773,0.0,10.1960784314,29.8039215686,0
15:18:18.412460,770,0.0,10.5882352941,29.8039215686,0
15:18:18.532317,768,0.0,10.5882352941,29.8039215686,0
15:18:18.652051,776,0.0,10.5882352941,29.8039215686,0
15:18:18.772123,767,0.0,10.1960784314,29.8039215686,0
15:18:18.892293,767,0.0,10.5882352941,30.1960784314,0
15:18:19.12004,774,0.0,10.5882352941,30.1960784314,0
15:18:19.131961,772,0.0,10.5882352941,30.1960784314,0
15:18:19.252161,782,0.0,10.5882352941,29.8039215686,0
15:18:19.371813,777,0.0,10.5882352941,29.8039215686,0
15:18:19.492448,773,0.0,10.5882352941,29.8039215686,0
15:18:19.611894,746,0.0,10.5882352941,30.1960784314,0
15:18:19.732243,762,0.0,10.5882352941,30.1960784314,0
15:18:19.852204,777,0.0,10.5882352941,30.1960784314,0
15:18:19.972326,778,0.0,10.5882352941,30.1960784314,0
15:18:20.91658,780,0.0,10.5882352941,30.1960784314,0
15:18:20.212153,781,0.0,10.5882352941,30.1960784314,0
15:18:20.332253,785,0.0,10.5882352941,30.1960784314,0
15:18:20.451717,788,0.0,10.5882352941,29.8039215686,0
15:18:20.571871,776,0.0,10.5882352941,30.1960784314,0
15:18:20.692361,774,0.0,10.1960784314,30.1960784314,0
15:18:20.812146,781,0.0,10.1960784314,29.8039215686,0
15:18:20.932128,779,0.0,10.1960784314,29.8039215686,0
15:18:21.52150,777,0.0,10.1960784314,29.8039215686,0
15:18:21.172001,772,0.0,10.1960784314,29.8039215686,0
15:18:21.292080,768,0.0,10.1960784314,29.8039215686,0
15:18:21.411999,769,0.0,10.1960784314,29.8039215686,0
15:18:21.532175,775,0.0,10.1960784314,29.8039215686,0
15:18:21.651799,771,0.0,10.1960784314,29.8039215686,0
15:18:21.772332,781,0.0,10.1960784314,29.8039215686,0
15:18:21.892308,772,0.0,10.5882352941,29.8039215686,0
15:18:22.12319,775,0.0,10.1960784314,29.8039215686,0
15:18:22.132057,773,0.0,10.5882352941,29.8039215686,0
15:18:22.252553,776,0.0,10.5882352941,29.8039215686,0
15:18:22.374480,780,0.0,10.5882352941,29.4117647059,0
15:18:22.492326,780,0.0,10.5882352941,29.4117647059,0
15:18:22.612063,782,0.0,10.1960784314,29.4117647059,0
15:18:22.732265,773,0.0,10.5882352941,29.4117647059,0
15:18:22.851898,775,0.0,10.5882352941,29.4117647059,0
15:18:22.972182,780,0.0,10.5882352941,29.4117647059,0
15:18:23.92228,779,0.0,10.5882352941,29.4117647059,0
15:18:23.212110,770,0.0,10.5882352941,29.4117647059,0
15:18:23.332152,776,0.0,10.5882352941,29.4117647059,0
15:18:23.451911,771,0.0,10.5882352941,29.4117647059,0
15:18:23.572117,781,0.0,10.5882352941,29.4117647059,0
15:18:23.692131,784,0.0,10.1960784314,29.4117647059,0
15:18:23.812112,784,0.0,10.5882352941,29.4117647059,0
15:18:23.932377,781,0.0,10.5882352941,29.4117647059,0
15:18:24.52090,774,0.0,10.5882352941,29.4117647059,0
15:18:24.172060,772,0.0,10.5882352941,29.4117647059,0
15:18:24.292816,780,0.0,10.5882352941,29.4117647059,0
15:18:24.412296,769,0.0,10.5882352941,29.4117647059,0
15:18:24.532379,771,0.0,10.5882352941,29.4117647059,0
15:18:24.652432,774,0.0,10.5882352941,29.4117647059,0
15:18:24.772194,766,0.0,10.5882352941,29.8039215686,0
15:18:24.892004,763,0.0,10.5882352941,29.8039215686,0
15:18:25.12080,773,0.0,10.5882352941,29.8039215686,0
15:18:25.131982,768,0.0,10.1960784314,29.8039215686,0
15:18:25.252205,767,0.0,10.5882352941,29.8039215686,0
15:18:25.372460,780,0.0,10.5882352941,29.8039215686,0
15:18:25.492325,775,0.0,10.5882352941,29.8039215686,0
15:18:25.612535,780,0.0,10.5882352941,29.8039215686,0
15:18:25.732330,775,0.0,10.5882352941,29.8039215686,0
15:18:25.852574,774,0.0,10.5882352941,29.8039215686,0
15:18:25.971961,781,0.0,10.5882352941,29.8039215686,0
15:18:26.92121,766,0.0,10.5882352941,29.8039215686,0
15:18:26.212548,760,0.0,10.5882352941,29.8039215686,0
15:18:26.332407,775,0.0,10.5882352941,29.8039215686,0
15:18:26.452493,772,0.0,10.5882352941,29.8039215686,0
15:18:26.572570,775,0.0,10.5882352941,29.8039215686,0
15:18:26.692425,775,0.0,10.5882352941,29.8039215686,0
15:18:26.812190,775,0.0,10.5882352941,29.8039215686,0
15:18:26.932423,778,0.0,10.5882352941,29.8039215686,0
15:18:27.52537,782,0.0,10.5882352941,29.8039215686,0
15:18:27.172332,777,0.0,10.5882352941,29.4117647059,0
15:18:27.292361,778,0.0,10.5882352941,29.8039215686,0
15:18:27.412165,775,0.0,10.5882352941,29.4117647059,0
15:18:27.532356,784,0.0,10.5882352941,29.4117647059,0
15:18:27.652437,781,0.0,10.5882352941,29.4117647059,0
15:18:27.772134,778,0.0,10.5882352941,29.4117647059,0
15:18:27.892265,779,0.0,10.5882352941,29.4117647059,0
15:18:28.12284,773,0.0,10.5882352941,29.4117647059,0
15:18:28.132799,779,0.0,10.5882352941,29.4117647059,0
15:18:28.252266,772,0.0,10.5882352941,29.4117647059,0
15:18:28.373181,774,0.0,10.5882352941,29.4117647059,0
15:18:28.492466,777,0.0,10.1960784314,29.4117647059,0
15:18:28.612603,780,0.0,10.5882352941,29.4117647059,0
15:18:28.732214,772,0.0,10.5882352941,29.4117647059,0
15:18:28.851987,770,0.0,10.5882352941,29.4117647059,0
15:18:28.972172,765,0.0,10.1960784314,29.4117647059,0
15:18:29.92352,771,0.0,10.5882352941,29.4117647059,0
15:18:29.212110,766,0.0,10.5882352941,29.8039215686,0
15:18:29.332150,768,0.0,10.1960784314,29.8039215686,0
15:18:29.452049,777,0.0,10.1960784314,29.8039215686,0
15:18:29.572175,778,0.0,10.5882352941,29.4117647059,0
15:18:29.692010,779,0.0,10.5882352941,29.4117647059,0
15:18:29.812139,777,0.0,10.5882352941,29.4117647059,0
15:18:29.932202,771,0.0,10.1960784314,29.4117647059,0
15:18:30.52466,775,0.0,10.5882352941,29.4117647059,0
15:18:30.172486,779,0.0,10.5882352941,29.4117647059,0
15:18:30.292273,774,0.0,10.1960784314,29.4117647059,0
15:18:30.412763,778,0.0,10.1960784314,29.4117647059,0
15:18:30.531982,775,0.0,10.1960784314,29.4117647059,0
15:18:30.652485,772,0.0,10.5882352941,29.4117647059,0
15:18:30.772270,774,0.0,10.5882352941,29.4117647059,0
15:18:30.892107,774,0.0,10.1960784314,29.4117647059,0
15:18:31.12120,775,0.0,10.5882352941,29.4117647059,0
15:18:31.131988,778,0.0,10.5882352941,29.4117647059,0
15:18:31.252038,777,0.0,10.5882352941,29.4117647059,0
15:18:31.372369,780,0.0,10.1960784314,29.4117647059,0
15:18:31.492523,771,0.0,10.1960784314,29.4117647059,0
15:18:31.612084,774,0.0,10.5882352941,29.4117647059,0
15:18:31.732376,769,0.0,10.1960784314,29.4117647059,0
15:18:31.852482,776,0.0,10.5882352941,29.4117647059,0
15:18:31.971973,777,0.0,10.5882352941,29.4117647059,0
15:18:32.92149,778,0.0,10.5882352941,29.4117647059,0
15:18:32.212202,777,0.0,10.5882352941,29.4117647059,0
15:18:32.332735,769,0.0,10.5882352941,29.4117647059,0
15:18:32.452493,770,0.0,10.5882352941,29.4117647059,0
15:18:32.572617,776,0.0,10.1960784314,29.4117647059,0
15:18:32.692824,782,0.0,10.1960784314,29.4117647059,0
15:18:32.812241,775,0.0,10.1960784314,29.4117647059,0
15:18:32.932765,782,0.0,10.5882352941,29.4117647059,0
15:18:33.52534,779,0.0,10.1960784314,29.4117647059,0
15:18:33.172364,781,0.0,10.1960784314,29.4117647059,0
15:18:33.292364,783,0.0,10.5882352941,29.4117647059,0
15:18:33.412524,776,0.0,10.5882352941,29.4117647059,0
15:18:33.532627,776,0.0,10.1960784314,29.4117647059,0
15:18:33.652224,769,0.0,10.1960784314,29.4117647059,0
15:18:33.772091,780,0.0,10.1960784314,29.4117647059,0
15:18:33.892135,781,0.0,10.1960784314,29.4117647059,0
15:18:34.12079,776,0.0,10.5882352941,29.4117647059,0
15:18:34.132174,768,0.0,10.1960784314,29.4117647059,0
15:18:34.252022,771,0.0,10.1960784314,29.4117647059,0
15:18:34.372117,774,0.0,10.1960784314,29.4117647059,0
15:18:34.491954,771,0.0,10.5882352941,29.4117647059,0
15:18:34.612445,775,0.0,10.1960784314,29.4117647059,0
15:18:34.732149,771,0.0,10.1960784314,29.4117647059,0
15:18:34.852513,773,0.0,10.5882352941,29.4117647059,0
15:18:34.972470,774,0.0,10.1960784314,29.4117647059,0
15:18:35.92172,776,0.0,10.1960784314,29.4117647059,0
15:18:35.212118,757,0.0,10.1960784314,29.8039215686,0
15:18:35.332087,773,0.0,10.1960784314,29.4117647059,0
15:18:35.452063,774,0.0,10.1960784314,29.4117647059,0
15:18:35.572163,767,0.0,10.1960784314,29.8039215686,0
15:18:35.691976,776,0.0,10.1960784314,29.4117647059,0
15:18:35.812136,774,0.0,10.1960784314,29.4117647059,0
15:18:35.932280,772,0.0,10.1960784314,29.4117647059,0
15:18:36.52396,775,0.0,10.1960784314,29.4117647059,0
15:18:36.172200,773,0.0,10.5882352941,29.8039215686,0
15:18:36.292319,772,0.0,10.5882352941,29.4117647059,0
15:18:36.412138,778,0.0,10.5882352941,29.4117647059,0
15:18:36.531954,777,0.0,10.5882352941,29.4117647059,0
15:18:36.652482,770,0.0,10.5882352941,29.4117647059,0
15:18:36.771908,773,0.0,10.5882352941,29.4117647059,0
15:18:36.892090,772,0.0,10.5882352941,29.4117647059,0
15:18:37.12205,773,0.0,10.1960784314,29.4117647059,0
15:18:37.132259,775,0.0,10.5882352941,29.4117647059,0
15:18:37.252467,756,0.0,10.5882352941,29.8039215686,0
15:18:37.372897,767,0.0,10.5882352941,29.8039215686,0
15:18:37.492377,770,0.0,10.5882352941,29.8039215686,0
15:18:37.612290,773,0.0,10.5882352941,29.8039215686,0
15:18:37.732421,773,0.0,10.5882352941,29.8039215686,0
15:18:37.852196,767,0.0,10.5882352941,30.1960784314,0
15:18:37.972338,776,0.0,10.1960784314,30.1960784314,0
15:18:38.92162,773,0.0,10.5882352941,30.1960784314,0
15:18:38.211927,765,0.0,10.5882352941,30.1960784314,0
15:18:38.332128,768,0.0,10.5882352941,30.1960784314,0
15:18:38.452252,770,0.0,10.5882352941,30.1960784314,0
15:18:38.572040,760,0.0,10.5882352941,30.1960784314,0
15:18:38.692180,771,0.0,10.5882352941,30.1960784314,0
15:18:38.812309,775,0.0,10.5882352941,30.1960784314,0
15:18:38.932756,781,0.0,10.5882352941,30.1960784314,0
15:18:39.52482,778,0.0,10.5882352941,30.1960784314,0
15:18:39.172487,787,0.0,10.5882352941,30.1960784314,0
15:18:39.292217,788,0.0,10.5882352941,29.8039215686,0
15:18:39.411962,781,0.0,10.5882352941,29.8039215686,0
15:18:39.532036,782,0.0,10.5882352941,29.8039215686,0
15:18:39.651917,783,0.0,10.5882352941,29.8039215686,0
15:18:39.772438,772,0.0,10.5882352941,29.4117647059,0
15:18:39.892199,770,0.0,10.5882352941,29.8039215686,0
15:18:40.12384,776,0.0,10.5882352941,29.8039215686,0
15:18:40.132145,773,0.0,10.5882352941,29.8039215686,0
15:18:40.252239,763,0.0,10.5882352941,29.8039215686,0
15:18:40.372160,769,0.0,10.5882352941,29.8039215686,0
15:18:40.492264,771,0.0,10.5882352941,29.8039215686,0
15:18:40.612443,770,0.0,10.5882352941,29.8039215686,0
15:18:40.731876,775,0.0,10.5882352941,29.8039215686,0
15:18:40.852004,773,0.0,10.1960784314,29.8039215686,0
15:18:40.972151,771,0.0,10.5882352941,29.8039215686,0
15:18:41.92423,773,0.0,10.5882352941,29.8039215686,0
15:18:41.212656,774,0.0,10.5882352941,29.8039215686,0
15:18:41.332375,776,0.0,10.5882352941,29.8039215686,0
15:18:41.452364,782,0.0,10.5882352941,29.8039215686,0
15:18:41.572111,783,0.0,10.5882352941,29.8039215686,0
15:18:41.692270,782,0.0,10.5882352941,29.8039215686,0
15:18:41.812063,778,0.0,10.5882352941,29.8039215686,0
15:18:41.932214,779,0.0,10.1960784314,29.8039215686,0
15:18:42.52372,771,0.0,10.5882352941,29.8039215686,0
15:18:42.172654,775,0.0,10.5882352941,29.8039215686,0
15:18:42.292631,763,0.0,10.1960784314,29.8039215686,0
15:18:42.412033,775,0.0,10.5882352941,29.8039215686,0
15:18:42.532873,774,0.0,10.5882352941,29.8039215686,0
15:18:42.652683,777,0.0,10.5882352941,29.8039215686,0
15:18:42.772124,780,0.0,10.5882352941,29.8039215686,0
15:18:42.892729,779,0.0,10.5882352941,29.8039215686,0
15:18:43.12423,775,0.0,10.5882352941,29.8039215686,0
15:18:43.132681,771,0.0,10.5882352941,29.8039215686,0
15:18:43.252074,780,0.0,10.5882352941,29.4117647059,0
15:18:43.372437,786,0.0,10.1960784314,29.4117647059,0
15:18:43.492347,780,0.0,10.5882352941,29.4117647059,0
15:18:43.612151,776,0.0,10.5882352941,29.4117647059,0
15:18:43.732645,781,0.0,10.5882352941,29.4117647059,0
15:18:43.852116,778,0.0,10.5882352941,29.4117647059,0
15:18:43.972916,777,0.0,10.5882352941,29.4117647059,0
15:18:44.92322,764,0.0,10.5882352941,29.8039215686,0
15:18:44.212340,774,0.0,10.1960784314,29.8039215686,0
15:18:44.332136,770,0.0,10.5882352941,29.8039215686,0
15:18:44.452316,784,0.0,10.5882352941,29.8039215686,0
15:18:44.572441,774,0.0,10.5882352941,29.8039215686,0
15:18:44.692035,780,0.0,10.1960784314,29.8039215686,0
15:18:44.812208,778,0.0,10.1960784314,29.8039215686,0
15:18:44.932078,776,0.0,10.5882352941,29.8039215686,0
15:18:45.52602,780,0.0,10.1960784314,29.4117647059,0
15:18:45.172402,773,0.0,10.5882352941,29.8039215686,0
15:18:45.292175,772,0.0,10.5882352941,29.8039215686,0
15:18:45.412383,781,0.0,10.5882352941,29.4117647059,0
15:18:45.532824,780,0.0,10.5882352941,29.4117647059,0
15:18:45.653109,781,0.0,10.1960784314,29.4117647059,0
15:18:45.772319,764,0.0,10.5882352941,29.8039215686,0
15:18:45.892261,763,0.0,10.5882352941,29.8039215686,0
15:18:46.12710,770,0.0,10.1960784314,29.8039215686,0
15:18:46.132386,778,0.0,10.1960784314,29.8039215686,0
15:18:46.252354,775,0.0,10.5882352941,29.8039215686,0
15:18:46.372251,779,0.0,10.5882352941,29.8039215686,0
15:18:46.492188,773,0.0,10.5882352941,29.8039215686,0
15:18:46.612058,768,0.0,10.5882352941,29.8039215686,0
15:18:46.732220,777,0.0,10.5882352941,29.8039215686,0
15:18:46.852400,775,0.0,10.5882352941,29.8039215686,0
15:18:46.972092,772,0.0,10.5882352941,29.8039215686,0
15:18:47.92648,778,0.0,10.5882352941,29.8039215686,0
15:18:47.212131,779,0.0,10.5882352941,29.8039215686,0
15:18:47.332258,776,0.0,10.5882352941,29.8039215686,0
15:18:47.452434,763,0.0,10.1960784314,29.8039215686,0
15:18:47.572201,763,0.0,10.5882352941,29.8039215686,0
15:18:47.693652,776,0.0,10.5882352941,29.8039215686,0
15:18:47.812789,779,0.0,10.1960784314,29.8039215686,0
15:18:47.932263,778,0.0,10.5882352941,29.8039215686,0
15:18:48.52421,769,0.0,10.1960784314,29.8039215686,0
15:18:48.172222,779,0.0,10.5882352941,29.8039215686,0
15:18:48.292365,778,0.0,10.5882352941,29.8039215686,0
15:18:48.413508,767,0.0,10.5882352941,29.8039215686,0
15:18:48.532197,774,0.0,10.5882352941,29.8039215686,0
15:18:48.652458,778,0.0,10.5882352941,29.8039215686,0
15:18:48.772221,779,0.0,10.5882352941,29.8039215686,0
15:18:48.891982,781,0.0,10.5882352941,29.8039215686,0
15:18:49.13874,782,0.0,10.1960784314,29.8039215686,0
15:18:49.132654,778,0.0,10.5882352941,29.8039215686,0
15:18:49.252405,769,0.0,10.5882352941,29.8039215686,0
15:18:49.372254,775,0.0,10.1960784314,29.8039215686,0
15:18:49.492097,772,0.0,10.1960784314,29.8039215686,0
15:18:49.613562,776,0.0,10.5882352941,29.8039215686,0
15:18:49.732046,776,0.0,10.5882352941,29.8039215686,0
15:18:49.852512,779,0.0,10.5882352941,29.8039215686,0
15:18:49.972329,782,0.0,10.1960784314,29.4117647059,0
15:18:50.92111,779,0.0,10.1960784314,29.4117647059,0
15:18:50.212232,778,0.0,10.1960784314,29.4117647059,0
15:18:50.333072,771,0.0,10.5882352941,29.4117647059,0
15:18:50.452867,772,0.0,10.1960784314,29.4117647059,0
15:18:50.572316,778,0.0,10.1960784314,29.4117647059,0
15:18:50.692087,776,0.0,10.1960784314,29.4117647059,0
15:18:50.812179,767,0.0,10.1960784314,29.4117647059,0
15:18:50.932462,771,0.0,10.1960784314,29.4117647059,0
15:18:51.52537,769,0.0,10.1960784314,29.4117647059,0
15:18:51.171971,764,0.0,10.1960784314,29.8039215686,0
15:18:51.292162,768,0.0,10.1960784314,29.4117647059,0
15:18:51.412325,778,0.0,10.1960784314,29.4117647059,0
15:18:51.532208,765,0.0,10.1960784314,29.8039215686,0
15:18:51.652239,773,0.0,10.1960784314,29.4117647059,0
15:18:51.772429,775,0.0,10.5882352941,29.8039215686,0
15:18:51.892563,765,0.0,10.1960784314,29.4117647059,0
15:18:52.12377,777,0.0,10.1960784314,29.4117647059,0
15:18:52.132519,772,0.0,10.1960784314,29.4117647059,0
15:18:52.252340,777,0.0,10.1960784314,29.4117647059,0
15:18:52.372489,770,0.0,10.1960784314,29.4117647059,0
15:18:52.492269,778,0.0,10.5882352941,29.4117647059,0
15:18:52.612105,773,0.0,10.1960784314,29.4117647059,0
15:18:52.732219,774,0.0,10.5882352941,29.4117647059,0
15:18:52.852037,767,0.0,10.5882352941,29.4117647059,0
15:18:52.972762,767,0.0,10.1960784314,29.8039215686,0
15:18:53.92473,774,0.0,10.5882352941,29.8039215686,0
15:18:53.212382,774,0.0,10.5882352941,29.8039215686,0
15:18:53.332258,777,0.0,10.1960784314,29.4117647059,0
15:18:53.452078,779,0.0,10.5882352941,29.4117647059,0
15:18:53.572537,768,0.0,10.5882352941,29.8039215686,0
15:18:53.692345,771,0.0,10.5882352941,29.8039215686,0
15:18:53.812408,768,0.0,10.5882352941,29.8039215686,0
15:18:53.932274,771,0.0,10.1960784314,29.8039215686,0
15:18:54.52100,776,0.0,10.5882352941,29.8039215686,0
15:18:54.172764,772,0.0,10.1960784314,29.8039215686,0
15:18:54.292271,777,0.0,10.1960784314,29.8039215686,0
15:18:54.412531,776,0.0,10.1960784314,29.8039215686,0
15:18:54.532311,768,0.0,10.1960784314,29.8039215686,0
15:18:54.652757,765,0.0,10.1960784314,29.8039215686,0
15:18:54.772417,766,0.0,10.1960784314,29.8039215686,0
15:18:54.892200,771,0.0,10.1960784314,29.8039215686,0
15:18:55.12617,769,0.0,10.5882352941,29.8039215686,0
15:18:55.132186,767,0.0,10.5882352941,29.8039215686,0
15:18:55.252343,778,0.0,10.1960784314,29.8039215686,0
15:18:55.372468,777,0.0,10.1960784314,29.8039215686,0
15:18:55.492132,767,0.0,10.1960784314,29.8039215686,0
15:18:55.612599,774,0.0,10.5882352941,29.8039215686,0
15:18:55.733750,775,0.0,10.5882352941,29.8039215686,0
15:18:55.852575,780,0.0,10.5882352941,29.8039215686,0
15:18:55.972725,778,0.0,10.5882352941,29.8039215686,0
15:18:56.92115,780,0.0,10.5882352941,29.4117647059,0
15:18:56.212439,785,0.0,10.5882352941,29.4117647059,0
15:18:56.332693,765,0.0,10.5882352941,29.8039215686,0
15:18:56.452384,777,0.0,10.5882352941,29.8039215686,0
15:18:56.572315,779,0.0,10.5882352941,29.4117647059,0
15:18:56.692413,777,0.0,10.5882352941,29.8039215686,0
15:18:56.812329,774,0.0,10.5882352941,29.4117647059,0
15:18:56.932129,776,0.0,10.5882352941,29.4117647059,0
15:18:57.52257,775,0.0,10.5882352941,29.4117647059,0
15:18:57.172348,777,0.0,10.5882352941,29.8039215686,0
15:18:57.292230,771,0.0,10.5882352941,29.4117647059,0
15:18:57.411815,769,0.0,10.5882352941,29.8039215686,0
15:18:57.531966,772,0.0,10.5882352941,29.8039215686,0
15:18:57.651782,773,0.0,10.1960784314,29.8039215686,0
15:18:57.771929,770,0.0,10.5882352941,29.8039215686,0
15:18:57.892085,772,0.0,10.5882352941,29.8039215686,0
15:18:58.12367,768,0.0,10.5882352941,29.8039215686,0
15:18:58.132796,773,0.0,10.5882352941,29.8039215686,0
15:18:58.252657,769,0.0,10.1960784314,29.8039215686,0
15:18:58.372397,775,0.0,10.5882352941,29.8039215686,0
15:18:58.492545,764,0.0,10.1960784314,30.1960784314,0
15:18:58.612720,773,0.0,10.1960784314,30.1960784314,0
15:18:58.732829,775,0.0,10.1960784314,30.1960784314,0
15:18:58.852269,780,0.0,10.1960784314,29.8039215686,0
15:18:58.972165,769,0.0,10.5882352941,29.8039215686,0
15:18:59.92553,772,0.0,10.1960784314,29.8039215686,0
15:18:59.212244,774,0.0,10.5882352941,29.8039215686,0
15:18:59.332788,772,0.0,10.5882352941,29.8039215686,0
15:18:59.452646,758,0.0,10.1960784314,29.8039215686,0
15:18:59.572406,766,0.0,10.5882352941,29.8039215686,0
15:18:59.692591,772,0.0,10.5882352941,29.8039215686,0
15:18:59.812669,771,0.0,10.5882352941,29.8039215686,0
15:18:59.932478,774,0.0,10.5882352941,29.8039215686,0
15:19:0.52783,774,0.0,10.5882352941,29.8039215686,0
15:19:0.172315,776,0.0,10.5882352941,29.8039215686,0
15:19:0.292493,781,0.0,10.5882352941,29.8039215686,0
15:19:0.412599,771,0.0,10.5882352941,29.8039215686,0
15:19:0.532104,783,0.0,10.5882352941,29.8039215686,0
15:19:0.652448,779,0.0,10.5882352941,29.8039215686,0
15:19:0.772266,770,0.0,10.5882352941,29.8039215686,0
15:19:0.893812,781,0.0,10.5882352941,29.8039215686,0
15:19:1.12204,785,0.0,10.5882352941,29.4117647059,0
15:19:1.132554,767,0.0,10.5882352941,29.8039215686,0
15:19:1.253565,771,0.0,10.5882352941,29.8039215686,0
15:19:1.372341,782,0.0,10.5882352941,29.8039215686,0
15:19:1.493819,783,0.0,10.5882352941,29.4117647059,0
15:19:1.612238,784,0.0,10.5882352941,29.4117647059,0
15:19:1.732457,782,0.0,10.5882352941,29.4117647059,0
15:19:1.852181,785,0.0,10.5882352941,29.4117647059,0
15:19:1.972338,779,0.0,10.5882352941,29.4117647059,0
15:19:2.92142,769,0.0,10.5882352941,29.4117647059,0
15:19:2.212854,770,0.0,10.5882352941,29.4117647059,0
15:19:2.332360,777,0.0,10.5882352941,29.4117647059,0
15:19:2.452469,776,0.0,10.5882352941,29.4117647059,0
15:19:2.572692,778,0.0,10.5882352941,29.4117647059,0
15:19:2.693009,780,0.0,10.5882352941,29.4117647059,0
15:19:2.812665,769,0.0,10.5882352941,29.8039215686,0
15:19:2.932778,767,0.0,10.5882352941,29.8039215686,0
15:19:3.52268,767,0.0,10.1960784314,29.8039215686,0
15:19:3.172399,775,0.0,10.5882352941,30.1960784314,0
15:19:3.293657,770,0.0,10.5882352941,30.1960784314,0
15:19:3.412319,772,0.0,10.5882352941,30.1960784314,0
15:19:3.532669,769,0.0,10.5882352941,30.1960784314,0
15:19:3.652476,776,0.0,10.5882352941,30.1960784314,0
15:19:3.774052,780,0.0,10.1960784314,30.1960784314,0
15:19:3.893599,782,0.0,10.1960784314,29.8039215686,0
15:19:4.12709,781,0.0,10.5882352941,29.8039215686,0
15:19:4.132811,781,0.0,10.1960784314,29.8039215686,0
15:19:4.252639,775,0.0,10.5882352941,29.8039215686,0
15:19:4.374267,771,0.0,10.1960784314,29.8039215686,0
15:19:4.492346,780,0.0,10.5882352941,29.8039215686,0
15:19:4.612352,769,0.0,10.5882352941,29.8039215686,0
15:19:4.732083,780,0.0,10.5882352941,29.8039215686,0
15:19:4.852331,777,0.0,10.5882352941,29.8039215686,0
15:19:4.973989,777,0.0,10.5882352941,29.8039215686,0
15:19:5.92469,772,0.0,10.5882352941,29.8039215686,0
15:19:5.212401,780,0.0,10.5882352941,29.4117647059,0
15:19:5.332188,776,0.0,10.1960784314,29.4117647059,0
15:19:5.452732,770,0.0,10.1960784314,29.8039215686,0
15:19:5.573836,776,0.0,10.5882352941,29.8039215686,0
15:19:5.692364,771,0.0,10.5882352941,29.8039215686,0
15:19:5.812491,768,0.0,10.1960784314,29.8039215686,0
15:19:5.932277,781,0.0,10.5882352941,29.8039215686,0
15:19:6.52130,770,0.0,10.1960784314,29.8039215686,0
15:19:6.173562,775,0.0,10.5882352941,29.8039215686,0
15:19:6.292362,776,0.0,10.5882352941,29.8039215686,0
15:19:6.412155,765,0.0,10.1960784314,29.8039215686,0
15:19:6.532671,774,0.0,10.5882352941,29.8039215686,0
15:19:6.652499,779,0.0,10.5882352941,29.8039215686,0
15:19:6.772610,775,0.0,10.5882352941,29.4117647059,0
15:19:6.892506,776,0.0,10.5882352941,29.4117647059,0
15:19:7.12839,777,0.0,10.5882352941,29.4117647059,0
15:19:7.132408,777,0.0,10.5882352941,29.4117647059,0
15:19:7.252531,780,0.0,10.5882352941,29.4117647059,0
15:19:7.373264,771,0.0,10.5882352941,29.4117647059,0
15:19:7.492412,768,0.0,10.5882352941,29.8039215686,0
15:19:7.612094,771,0.0,10.5882352941,29.8039215686,0
15:19:7.732688,767,0.0,10.1960784314,29.8039215686,0
15:19:7.852208,775,0.0,10.5882352941,29.8039215686,0
15:19:7.973644,773,0.0,10.5882352941,29.8039215686,0
15:19:8.92449,781,0.0,10.5882352941,29.8039215686,0
15:19:8.212291,780,0.0,10.5882352941,29.8039215686,0
15:19:8.332417,782,0.0,10.5882352941,29.8039215686,0
15:19:8.452248,786,0.0,10.5882352941,29.4117647059,0
15:19:8.573627,772,0.0,10.5882352941,29.8039215686,0
15:19:8.692160,774,0.0,10.1960784314,29.8039215686,0
15:19:8.812672,781,0.0,10.1960784314,29.4117647059,0
15:19:8.932324,779,0.0,10.5882352941,29.4117647059,0
15:19:9.52218,782,0.0,10.5882352941,29.4117647059,0
15:19:9.173654,782,0.0,10.1960784314,29.4117647059,0
15:19:9.292516,771,0.0,10.1960784314,29.4117647059,0
15:19:9.412248,781,0.0,10.5882352941,29.4117647059,0
15:19:9.532477,780,0.0,10.5882352941,29.4117647059,0
15:19:9.652285,773,0.0,10.1960784314,29.4117647059,0
15:19:9.773782,770,0.0,10.5882352941,29.4117647059,0
15:19:9.892559,766,0.0,10.1960784314,29.8039215686,0
15:19:10.12693,779,0.0,10.5882352941,29.4117647059,0
15:19:10.132593,771,0.0,10.1960784314,29.8039215686,0
15:19:10.252665,785,0.0,10.5882352941,29.8039215686,0
15:19:10.373827,769,0.0,10.5882352941,29.8039215686,0
15:19:10.492292,777,0.0,10.5882352941,29.8039215686,0
15:19:10.612632,773,0.0,10.5882352941,29.8039215686,0
15:19:10.732457,766,0.0,10.1960784314,29.8039215686,0
15:19:10.852605,769,0.0,10.1960784314,29.8039215686,0
15:19:10.973014,772,0.0,10.1960784314,29.8039215686,0
15:19:11.93594,778,0.0,10.5882352941,29.8039215686,0
15:19:11.212342,770,0.0,10.1960784314,29.8039215686,0
15:19:11.332447,782,0.0,10.5882352941,29.4117647059,0
15:19:11.452315,775,0.0,10.5882352941,29.4117647059,0
15:19:11.572258,775,0.0,10.1960784314,29.4117647059,0
15:19:11.692691,770,0.0,10.1960784314,29.4117647059,0
15:19:11.812072,762,0.0,10.5882352941,29.8039215686,0
15:19:11.932652,766,0.0,10.1960784314,29.8039215686,0
15:19:12.52283,772,0.0,10.1960784314,29.8039215686,0
15:19:12.173185,770,0.0,10.1960784314,29.8039215686,0
15:19:12.292291,774,0.0,10.5882352941,29.8039215686,0
15:19:12.412431,773,0.0,10.5882352941,29.8039215686,0
15:19:12.532697,777,0.0,10.5882352941,29.4117647059,0
15:19:12.652360,771,0.0,10.5882352941,29.8039215686,0
15:19:12.773635,773,0.0,10.5882352941,29.8039215686,0
15:19:12.892360,775,0.0,10.5882352941,29.8039215686,0
15:19:13.12550,771,0.0,10.5882352941,29.8039215686,0
15:19:13.132465,773,0.0,10.5882352941,29.8039215686,0
15:19:13.252094,777,0.0,10.5882352941,29.8039215686,0
15:19:13.373660,774,0.0,10.5882352941,29.8039215686,0
15:19:13.492467,772,0.0,10.5882352941,29.8039215686,0
15:19:13.612540,777,0.0,10.5882352941,29.8039215686,0
15:19:13.732294,768,0.0,10.5882352941,29.8039215686,0
15:19:13.852658,770,0.0,10.1960784314,29.8039215686,0
15:19:13.973692,770,0.0,10.1960784314,29.8039215686,0
15:19:14.92405,771,0.0,10.5882352941,29.8039215686,0
15:19:14.212553,775,0.0,10.5882352941,29.8039215686,0
15:19:14.332337,773,0.0,10.5882352941,29.8039215686,0
15:19:14.452210,781,0.0,10.5882352941,29.8039215686,0
15:19:14.573808,774,0.0,10.5882352941,29.8039215686,0
15:19:14.692073,773,0.0,10.5882352941,29.8039215686,0
15:19:14.812415,782,0.0,10.5882352941,29.8039215686,0
15:19:14.932924,783,0.0,10.1960784314,29.8039215686,0
15:19:15.52446,780,0.0,10.1960784314,29.4117647059,0
15:19:15.174424,774,0.0,10.5882352941,29.8039215686,0
15:19:15.292518,772,0.0,10.5882352941,29.8039215686,0
15:19:15.412279,779,0.0,10.5882352941,29.8039215686,0
15:19:15.532375,762,0.0,10.1960784314,29.8039215686,0
15:19:15.652302,766,0.0,10.5882352941,29.8039215686,0
15:19:15.773694,768,0.0,10.5882352941,29.8039215686,0
15:19:15.892228,766,0.0,10.1960784314,29.8039215686,0
15:19:16.12369,767,0.0,10.1960784314,29.8039215686,0
15:19:16.132273,778,0.0,10.5882352941,29.8039215686,0
15:19:16.252621,779,0.0,10.5882352941,29.8039215686,0
15:19:16.372823,763,0.0,10.1960784314,29.8039215686,0
15:19:16.492369,774,0.0,10.5882352941,29.8039215686,0
15:19:16.612401,770,0.0,10.5882352941,29.8039215686,0
15:19:16.732584,781,0.0,10.5882352941,29.8039215686,0
15:19:16.852711,778,0.0,10.5882352941,29.8039215686,0
15:19:16.973993,781,0.0,10.5882352941,29.4117647059,0
15:19:17.92484,773,0.0,10.5882352941,29.8039215686,0
15:19:17.212301,775,0.0,10.5882352941,29.4117647059,0
15:19:17.332419,771,0.0,10.5882352941,29.8039215686,0
15:19:17.452724,770,0.0,10.5882352941,29.8039215686,0
15:19:17.574008,772,0.0,10.5882352941,29.8039215686,0
15:19:17.692367,782,0.0,10.5882352941,29.8039215686,0
15:19:17.812475,775,0.0,10.5882352941,29.8039215686,0
15:19:17.933627,774,0.0,10.5882352941,29.8039215686,0
15:19:18.52394,776,0.0,10.5882352941,30.1960784314,0
15:19:18.173541,785,0.0,10.5882352941,29.8039215686,0
15:19:18.292187,786,0.0,10.5882352941,29.8039215686,0
15:19:18.412184,777,0.0,10.5882352941,30.1960784314,0
15:19:18.532620,772,0.0,10.5882352941,30.1960784314,0
15:19:18.652370,778,0.0,10.5882352941,30.1960784314,0
15:19:18.773661,784,0.0,10.5882352941,29.8039215686,0
15:19:18.892392,782,0.0,10.5882352941,29.8039215686,0
15:19:19.12583,776,0.0,10.5882352941,29.8039215686,0
15:19:19.132388,774,0.0,10.5882352941,29.8039215686,0
15:19:19.252540,772,0.0,10.1960784314,29.8039215686,0
15:19:19.373946,777,0.0,10.1960784314,29.8039215686,0
15:19:19.492156,777,0.0,10.1960784314,29.8039215686,0
15:19:19.613169,784,0.0,10.1960784314,29.4117647059,0
15:19:19.732528,784,0.0,10.1960784314,29.4117647059,0
15:19:19.852538,777,0.0,10.1960784314,29.4117647059,0
15:19:19.974079,784,0.0,10.1960784314,29.4117647059,0
15:19:20.93531,780,0.0,10.1960784314,29.4117647059,0
15:19:20.212509,781,0.0,10.1960784314,29.4117647059,0
15:19:20.332668,778,0.0,10.5882352941,29.4117647059,0
15:19:20.452359,781,0.0,10.1960784314,29.4117647059,0
15:19:20.573179,770,0.0,10.1960784314,29.4117647059,0
15:19:20.693720,767,0.0,10.1960784314,29.4117647059,0
15:19:20.812344,779,0.0,10.1960784314,29.4117647059,0
15:19:20.932467,778,0.0,10.5882352941,29.4117647059,0
15:19:21.52661,782,0.0,10.5882352941,29.4117647059,0
15:19:21.172748,787,0.0,10.1960784314,29.4117647059,0
15:19:21.292738,779,0.0,10.1960784314,29.4117647059,0
15:19:21.412514,776,0.0,10.5882352941,29.4117647059,0
15:19:21.532338,778,0.0,10.5882352941,29.4117647059,0
15:19:21.652749,781,0.0,10.1960784314,29.4117647059,0
15:19:21.773572,781,0.0,10.1960784314,29.4117647059,0
15:19:21.893626,767,0.0,10.5882352941,29.8039215686,0
15:19:22.12361,769,0.0,10.1960784314,29.8039215686,0
15:19:22.133084,769,0.0,10.1960784314,29.8039215686,0
15:19:22.253568,776,0.0,10.1960784314,29.8039215686,0
15:19:22.373984,776,0.0,10.1960784314,29.8039215686,0
15:19:22.493428,777,0.0,10.1960784314,29.8039215686,0
15:19:22.612527,771,0.0,10.1960784314,29.8039215686,0
15:19:22.732721,770,0.0,10.1960784314,29.8039215686,0
15:19:22.852464,770,0.0,10.5882352941,29.8039215686,0
15:19:22.974004,769,0.0,10.1960784314,29.8039215686,0
15:19:23.92726,776,0.0,10.1960784314,29.4117647059,0
15:19:23.212450,778,0.0,10.1960784314,29.4117647059,0
15:19:23.332593,777,0.0,10.1960784314,29.4117647059,0
15:19:23.452350,773,0.0,10.1960784314,29.4117647059,0
15:19:23.573900,774,0.0,10.1960784314,29.4117647059,0
15:19:23.692299,778,0.0,10.1960784314,29.4117647059,0
15:19:23.812474,770,0.0,10.1960784314,29.4117647059,0
15:19:23.932610,761,0.0,10.1960784314,29.4117647059,0
15:19:24.52390,769,0.0,10.1960784314,29.4117647059,0
15:19:24.173944,771,0.0,10.1960784314,29.8039215686,0
15:19:24.292678,772,0.0,10.1960784314,29.4117647059,0
15:19:24.412516,776,0.0,10.1960784314,29.4117647059,0
15:19:24.532283,776,0.0,10.1960784314,29.4117647059,0
15:19:24.653103,767,0.0,10.1960784314,29.4117647059,0
15:19:24.774169,771,0.0,10.1960784314,29.8039215686,0
15:19:24.892591,771,0.0,10.5882352941,29.8039215686,0
15:19:25.12868,763,0.0,10.5882352941,30.1960784314,0
15:19:25.132678,770,0.0,10.5882352941,30.1960784314,0
15:19:25.252477,774,0.0,10.5882352941,30.1960784314,0
15:19:25.372947,769,0.0,10.5882352941,30.5882352941,0
15:19:25.492417,770,0.0,10.5882352941,30.5882352941,0
15:19:25.612570,769,0.0,10.5882352941,30.5882352941,0
15:19:25.732698,770,0.0,10.5882352941,30.5882352941,0
15:19:25.852511,767,0.0,10.5882352941,30.5882352941,0
15:19:25.972641,775,0.0,10.5882352941,30.5882352941,0
15:19:26.92777,777,0.0,10.5882352941,30.5882352941,0
15:19:26.212824,778,0.0,10.5882352941,30.5882352941,0
15:19:26.332642,760,0.0,10.5882352941,30.9803921569,0
15:19:26.452854,765,0.0,10.5882352941,30.9803921569,0
15:19:26.573995,770,0.0,10.5882352941,30.9803921569,0
15:19:26.692770,781,0.0,10.5882352941,30.9803921569,0
15:19:26.812580,769,0.0,10.5882352941,30.9803921569,0
15:19:26.932752,778,0.0,10.5882352941,30.5882352941,0
15:19:27.52850,781,0.0,10.5882352941,30.5882352941,0
15:19:27.173959,783,0.0,10.5882352941,30.1960784314,0
15:19:27.292574,770,0.0,10.5882352941,30.1960784314,0
15:19:27.412619,778,0.0,10.5882352941,30.1960784314,0
15:19:27.532791,780,0.0,10.5882352941,30.1960784314,0
15:19:27.652899,775,0.0,10.5882352941,30.1960784314,0
15:19:27.774054,778,0.0,10.5882352941,30.1960784314,0
15:19:27.892826,770,0.0,10.5882352941,30.1960784314,0
15:19:28.12626,766,0.0,10.5882352941,30.5882352941,0
15:19:28.132765,772,0.0,10.5882352941,30.5882352941,0
15:19:28.252659,780,0.0,10.5882352941,30.1960784314,0
15:19:28.374025,775,0.0,10.5882352941,30.1960784314,0
15:19:28.492884,786,0.0,10.5882352941,30.1960784314,0
15:19:28.613009,780,0.0,10.5882352941,30.1960784314,0
15:19:28.732866,780,0.0,10.5882352941,29.8039215686,0
15:19:28.852604,779,0.0,10.5882352941,30.1960784314,0
15:19:28.974186,783,0.0,10.5882352941,30.1960784314,0
15:19:29.92559,777,0.0,10.5882352941,30.1960784314,0
15:19:29.212631,775,0.0,10.5882352941,30.1960784314,0
15:19:29.332715,775,0.0,10.5882352941,30.5882352941,0
15:19:29.452415,787,0.0,10.5882352941,30.5882352941,0
15:19:29.574161,783,0.0,10.5882352941,30.1960784314,0
15:19:29.692602,782,0.0,10.5882352941,30.1960784314,0
15:19:29.812796,779,0.0,10.5882352941,30.1960784314,0
15:19:29.932538,772,0.0,10.5882352941,30.1960784314,0
15:19:30.52430,782,0.0,10.5882352941,30.1960784314,0
15:19:30.172895,779,0.0,10.5882352941,30.1960784314,0
15:19:30.292971,777,0.0,10.5882352941,30.1960784314,0
15:19:30.412823,777,0.0,10.5882352941,30.1960784314,0
15:19:30.532581,773,0.0,10.5882352941,30.1960784314,0
15:19:30.652816,765,0.0,10.5882352941,30.1960784314,0
15:19:30.772856,759,0.0,10.5882352941,30.5882352941,0
15:19:30.893014,767,0.0,10.5882352941,30.5882352941,0
15:19:31.12838,775,0.0,10.5882352941,30.5882352941,0
15:19:31.132801,751,0.0,10.5882352941,30.9803921569,0
15:19:31.252500,763,0.0,10.5882352941,30.9803921569,0
15:19:31.373632,768,0.0,10.5882352941,30.5882352941,0
15:19:31.492419,769,0.0,10.5882352941,30.5882352941,0
15:19:31.612571,772,0.0,10.5882352941,30.1960784314,0
15:19:31.732363,769,0.0,10.5882352941,30.1960784314,0
15:19:31.852854,779,0.0,10.5882352941,30.1960784314,0
15:19:31.973672,782,0.0,10.5882352941,29.8039215686,0
15:19:32.92670,777,0.0,10.5882352941,29.8039215686,0
15:19:32.212599,778,0.0,10.5882352941,29.8039215686,0
15:19:32.332854,782,0.0,10.5882352941,29.8039215686,0
15:19:32.452809,770,0.0,10.5882352941,29.8039215686,0
15:19:32.573981,773,0.0,10.5882352941,29.8039215686,0
15:19:32.693093,778,0.0,10.5882352941,29.8039215686,0
15:19:32.812530,774,0.0,10.5882352941,30.1960784314,0
15:19:32.933104,773,0.0,10.5882352941,30.1960784314,0
15:19:33.52851,779,0.0,10.5882352941,30.1960784314,0
15:19:33.174361,777,0.0,10.5882352941,30.1960784314,0
15:19:33.293163,782,0.0,10.5882352941,30.1960784314,0
15:19:33.412627,774,0.0,10.5882352941,30.1960784314,0
15:19:33.532797,787,0.0,10.5882352941,30.1960784314,0
15:19:33.652547,757,0.0,10.9803921569,30.9803921569,0
15:19:33.774370,761,0.0,10.5882352941,32.5490196078,0
15:19:33.892885,772,0.0,10.5882352941,32.5490196078,0
15:19:34.12625,798,0.0,10.5882352941,31.7647058824,0
15:19:34.132833,776,0.0,10.5882352941,31.3725490196,0
15:19:34.252928,775,0.0,10.5882352941,31.3725490196,0
15:19:34.374145,776,0.0,10.5882352941,30.5882352941,0
15:19:34.492883,778,0.0,10.5882352941,30.5882352941,0
15:19:34.612671,773,0.0,10.5882352941,30.5882352941,0
15:19:34.732873,770,0.0,10.1960784314,30.5882352941,0
15:19:34.852610,776,0.0,10.5882352941,30.1960784314,0
15:19:34.974189,774,0.0,10.5882352941,30.1960784314,0
15:19:35.94202,774,0.0,10.1960784314,30.1960784314,0
15:19:35.213113,780,0.0,10.5882352941,30.1960784314,0
15:19:35.332870,769,0.0,10.5882352941,30.1960784314,0
15:19:35.452598,769,0.0,10.5882352941,30.1960784314,0
15:19:35.573111,774,0.0,10.5882352941,30.1960784314,0
15:19:35.692978,776,0.0,10.5882352941,30.1960784314,0
15:19:35.813145,774,0.0,10.5882352941,30.1960784314,0
15:19:35.932884,772,0.0,10.5882352941,30.1960784314,0
15:19:36.52681,775,0.0,10.5882352941,30.1960784314,0
15:19:36.174243,777,0.0,10.5882352941,30.1960784314,0
15:19:36.292641,777,0.0,10.5882352941,30.5882352941,0
15:19:36.412664,765,0.0,10.5882352941,30.5882352941,0
15:19:36.532799,769,0.0,10.5882352941,30.5882352941,0
15:19:36.652458,768,0.0,10.5882352941,30.9803921569,0
15:19:36.773940,776,0.0,10.5882352941,30.5882352941,0
15:19:36.892379,769,0.0,10.5882352941,30.5882352941,0
15:19:37.12559,775,0.0,10.5882352941,30.5882352941,0
15:19:37.132905,783,0.0,10.5882352941,30.1960784314,0
15:19:37.252727,774,0.0,10.5882352941,30.1960784314,0
15:19:37.374246,759,0.0,10.5882352941,30.5882352941,0
15:19:37.492665,771,0.0,10.1960784314,30.5882352941,0
15:19:37.612463,769,0.0,10.5882352941,30.5882352941,0
15:19:37.732612,768,0.0,10.5882352941,30.1960784314,0
15:19:37.853121,778,0.0,10.5882352941,30.1960784314,0
15:19:37.974241,772,0.0,10.5882352941,30.1960784314,0
15:19:38.93764,776,0.0,10.5882352941,30.1960784314,0
15:19:38.212888,773,0.0,10.5882352941,30.1960784314,0
15:19:38.332642,771,0.0,10.5882352941,30.1960784314,0
15:19:38.453192,775,0.0,10.5882352941,30.1960784314,0
15:19:38.573960,772,0.0,10.5882352941,30.1960784314,0
15:19:38.692789,775,0.0,10.5882352941,30.1960784314,0
15:19:38.812528,777,0.0,10.5882352941,30.1960784314,0
15:19:38.933782,783,0.0,10.5882352941,30.1960784314,0
15:19:39.52893,777,0.0,10.5882352941,30.1960784314,0
15:19:39.173573,781,0.0,10.5882352941,30.1960784314,0
15:19:39.292864,779,0.0,10.5882352941,30.1960784314,0
15:19:39.412625,770,0.0,10.5882352941,30.1960784314,0
15:19:39.533828,781,0.0,10.5882352941,30.1960784314,0
15:19:39.652879,783,0.0,10.5882352941,30.5882352941,0
15:19:39.773879,776,0.0,10.5882352941,30.5882352941,0
15:19:39.892628,773,0.0,10.5882352941,30.5882352941,0
15:19:40.12402,778,0.0,10.5882352941,30.5882352941,0
15:19:40.132723,769,0.0,10.5882352941,30.5882352941,0
15:19:40.252923,772,0.0,10.5882352941,30.5882352941,0
15:19:40.373393,778,0.0,10.1960784314,30.1960784314,0
15:19:40.492859,778,0.0,10.1960784314,30.1960784314,0
15:19:40.613631,774,0.0,10.1960784314,30.1960784314,0
15:19:40.732949,770,0.0,10.1960784314,30.1960784314,0
15:19:40.852561,780,0.0,10.1960784314,29.8039215686,0
15:19:40.973982,765,0.0,10.1960784314,29.8039215686,0
15:19:41.93084,771,0.0,10.1960784314,29.8039215686,0
15:19:41.213806,779,0.0,10.1960784314,29.8039215686,0
15:19:41.332855,771,0.0,10.5882352941,29.8039215686,0
15:19:41.452428,766,0.0,10.5882352941,29.8039215686,0
15:19:41.574205,773,0.0,10.5882352941,29.8039215686,0
15:19:41.692944,768,0.0,10.5882352941,29.8039215686,0
15:19:41.813824,772,0.0,10.5882352941,29.8039215686,0
15:19:41.932778,772,0.0,10.5882352941,29.8039215686,0
15:19:42.52773,770,0.0,10.5882352941,29.8039215686,0
15:19:42.174014,782,0.0,10.5882352941,29.8039215686,0
15:19:42.292589,780,0.0,10.5882352941,29.8039215686,0
15:19:42.413597,772,0.0,10.5882352941,29.8039215686,0
15:19:42.532881,777,0.0,10.5882352941,29.8039215686,0
15:19:42.652716,783,0.0,10.5882352941,29.8039215686,0
15:19:42.774184,781,0.0,10.5882352941,29.8039215686,0
15:19:42.892596,782,0.0,10.5882352941,29.8039215686,0
15:19:43.13615,782,0.0,10.5882352941,29.8039215686,0
15:19:43.132913,764,0.0,10.5882352941,29.8039215686,0
15:19:43.252729,766,0.0,10.5882352941,30.1960784314,0
15:19:43.374314,773,0.0,10.5882352941,29.8039215686,0
15:19:43.492387,779,0.0,10.5882352941,29.8039215686,0
15:19:43.613705,772,0.0,10.5882352941,29.8039215686,0
15:19:43.732848,782,0.0,10.5882352941,29.8039215686,0
15:19:43.853199,776,0.0,10.5882352941,29.8039215686,0
15:19:43.973576,776,0.0,10.5882352941,30.1960784314,0
15:19:44.92623,774,0.0,10.5882352941,30.1960784314,0
15:19:44.212751,774,0.0,10.1960784314,30.1960784314,0
15:19:44.332381,784,0.0,10.1960784314,29.8039215686,0
15:19:44.452813,764,0.0,10.1960784314,29.8039215686,0
15:19:44.572998,772,0.0,10.1960784314,29.8039215686,0
15:19:44.692900,769,0.0,10.1960784314,29.8039215686,0
15:19:44.812533,768,0.0,10.1960784314,29.8039215686,0
15:19:44.932634,780,0.0,10.1960784314,29.8039215686,0
15:19:45.52826,764,0.0,10.1960784314,29.8039215686,0
15:19:45.173906,764,0.0,10.1960784314,29.8039215686,0
15:19:45.292584,775,0.0,10.1960784314,29.8039215686,0
15:19:45.412680,774,0.0,10.5882352941,29.8039215686,0
15:19:45.533072,770,0.0,10.5882352941,29.8039215686,0
15:19:45.652882,772,0.0,10.5882352941,29.8039215686,0
15:19:45.774031,772,0.0,10.5882352941,29.8039215686,0
15:19:45.892849,777,0.0,10.5882352941,29.8039215686,0
15:19:46.12548,779,0.0,10.5882352941,29.8039215686,0
15:19:46.132812,782,0.0,10.5882352941,29.8039215686,0
15:19:46.252933,775,0.0,10.5882352941,29.8039215686,0
15:19:46.374518,776,0.0,10.5882352941,29.8039215686,0
15:19:46.492879,781,0.0,10.5882352941,29.8039215686,0
15:19:46.612713,784,0.0,10.5882352941,29.8039215686,0
15:19:46.732815,779,0.0,10.5882352941,29.8039215686,0
15:19:46.852962,779,0.0,10.5882352941,29.8039215686,0
15:19:46.974867,775,0.0,10.5882352941,29.8039215686,0
15:19:47.92727,784,0.0,10.1960784314,29.8039215686,0
15:19:47.212778,777,0.0,10.5882352941,29.8039215686,0
15:19:47.333197,779,0.0,10.5882352941,29.8039215686,0
15:19:47.452949,777,0.0,10.5882352941,29.8039215686,0
15:19:47.574859,777,0.0,10.1960784314,29.8039215686,0
15:19:47.693573,772,0.0,10.1960784314,29.8039215686,0
15:19:47.812470,773,0.0,10.1960784314,29.8039215686,0
15:19:47.932908,779,0.0,10.1960784314,29.8039215686,0
15:19:48.52300,773,0.0,10.1960784314,29.8039215686,0
15:19:48.173833,777,0.0,10.1960784314,29.4117647059,0
15:19:48.292702,778,0.0,10.1960784314,29.4117647059,0
15:19:48.412507,770,0.0,10.1960784314,29.8039215686,0
15:19:48.532875,771,0.0,10.1960784314,29.4117647059,0
15:19:48.653027,771,0.0,10.1960784314,29.4117647059,0
15:19:48.773562,768,0.0,10.1960784314,29.8039215686,0
15:19:48.892670,765,0.0,10.1960784314,29.8039215686,0
15:19:49.12872,768,0.0,10.1960784314,29.8039215686,0
15:19:49.132968,759,0.0,10.1960784314,29.8039215686,0
15:19:49.252631,772,0.0,10.1960784314,29.8039215686,0
15:19:49.372759,771,0.0,10.5882352941,29.8039215686,0
15:19:49.492436,776,0.0,10.1960784314,29.8039215686,0
15:19:49.612702,779,0.0,10.1960784314,29.8039215686,0
15:19:49.732836,777,0.0,10.5882352941,29.8039215686,0
15:19:49.853150,779,0.0,10.5882352941,29.4117647059,0
15:19:49.973426,778,0.0,10.1960784314,29.4117647059,0
15:19:50.92723,786,0.0,10.1960784314,29.4117647059,0
15:19:50.213216,772,0.0,10.5882352941,29.4117647059,0
15:19:50.333090,771,0.0,10.5882352941,29.4117647059,0
15:19:50.453180,780,0.0,10.5882352941,29.4117647059,0
15:19:50.574099,786,0.0,10.5882352941,29.4117647059,0
15:19:50.692823,775,0.0,10.1960784314,29.4117647059,0
15:19:50.812910,769,0.0,10.5882352941,29.4117647059,0
15:19:50.932767,765,0.0,10.5882352941,29.8039215686,0
